2025-10-20 20:40:26,297 - INFO - [main:35] - Simplified logging configured.
2025-10-20 20:40:26,298 - CRITICAL - [main:67] - Fatal Configuration Error: CRITICAL ERROR: Configuration file 'config.yaml' not found.
Traceback (most recent call last):
  File "D:\Dev\py\crypto_arbitrage_bot\core\utils.py", line 55, in load_config
    with open(filepath, 'r') as f:
         ~~~~^^^^^^^^^^^^^^^
FileNotFoundError: [Errno 2] No such file or directory: 'config.yaml'

During handling of the above exception, another exception occurred:

Traceback (most recent call last):
  File "D:\Dev\py\crypto_arbitrage_bot\main.py", line 41, in <module>
    config = load_config()
  File "D:\Dev\py\crypto_arbitrage_bot\core\utils.py", line 60, in load_config
    raise ConfigError(f"CRITICAL ERROR: Configuration file '{filepath}' not found.")
core.utils.ConfigError: CRITICAL ERROR: Configuration file 'config.yaml' not found.
2025-10-20 20:41:27,356 - INFO - [main:35] - Simplified logging configured.
2025-10-20 20:41:27,356 - CRITICAL - [main:70] - An unexpected fatal error occurred: name 'os' is not defined
Traceback (most recent call last):
  File "D:\Dev\py\crypto_arbitrage_bot\main.py", line 41, in <module>
    config = load_config()
  File "D:\Dev\py\crypto_arbitrage_bot\core\utils.py", line 54, in load_config
    base_dir = os.path.dirname(os.path.dirname(__file__))  # project root
               ^^
NameError: name 'os' is not defined. Did you forget to import 'os'?
2025-10-20 20:42:31,142 - INFO - [main:35] - Simplified logging configured.
2025-10-20 20:42:31,147 - CRITICAL - [main:67] - Fatal Configuration Error: CRITICAL: One or more API keys are missing from your .env file for an active exchange.
Traceback (most recent call last):
  File "D:\Dev\py\crypto_arbitrage_bot\main.py", line 61, in <module>
    raise ConfigError("CRITICAL: One or more API keys are missing from your .env file for an active exchange.")
core.utils.ConfigError: CRITICAL: One or more API keys are missing from your .env file for an active exchange.
2025-10-20 20:42:57,137 - INFO - [main:35] - Simplified logging configured.
2025-10-20 20:42:57,230 - CRITICAL - [main:70] - An unexpected fatal error occurred: '_tkinter.tkapp' object has no attribute 'exchange_manager'
Traceback (most recent call last):
  File "D:\Dev\py\crypto_arbitrage_bot\main.py", line 63, in <module>
    app = App(config, EXCHANGES)
  File "D:\Dev\py\crypto_arbitrage_bot\gui_components\gui_application.py", line 49, in __init__
    exchange_manager=self.exchange_manager,
                     ^^^^^^^^^^^^^^^^^^^^^
  File "C:\Users\Aleksa\AppData\Local\Programs\Python\Python313\Lib\tkinter\__init__.py", line 2552, in __getattr__
    return getattr(self.tk, attr)
AttributeError: '_tkinter.tkapp' object has no attribute 'exchange_manager'
2025-10-20 20:45:49,627 - INFO - [main:35] - Simplified logging configured.
2025-10-20 20:45:49,719 - CRITICAL - [main:70] - An unexpected fatal error occurred: '_tkinter.tkapp' object has no attribute 'exchange_manager'
Traceback (most recent call last):
  File "D:\Dev\py\crypto_arbitrage_bot\main.py", line 63, in <module>
    app = App(config, EXCHANGES)
  File "D:\Dev\py\crypto_arbitrage_bot\gui_components\gui_application.py", line 40, in __init__
    exchange_manager=self.exchange_manager,
                     ^^^^^^^^^^^^^^^^^^^^^
  File "C:\Users\Aleksa\AppData\Local\Programs\Python\Python313\Lib\tkinter\__init__.py", line 2552, in __getattr__
    return getattr(self.tk, attr)
AttributeError: '_tkinter.tkapp' object has no attribute 'exchange_manager'
2025-10-20 20:47:25,319 - INFO - [main:35] - Simplified logging configured.
2025-10-20 20:47:27,646 - INFO - [exchange_manager:31] - Initialized Okx client.
2025-10-20 20:47:30,556 - INFO - [exchange_manager:31] - Initialized Binance client.
2025-10-20 20:47:35,870 - INFO - [exchange_manager:31] - Initialized Bybit client.
2025-10-20 20:47:35,871 - CRITICAL - [main:70] - An unexpected fatal error occurred: RiskManager.__init__() missing 2 required positional arguments: 'config' and 'exchange_manager'
Traceback (most recent call last):
  File "D:\Dev\py\crypto_arbitrage_bot\main.py", line 63, in <module>
    app = App(config, EXCHANGES)
  File "D:\Dev\py\crypto_arbitrage_bot\gui_components\gui_application.py", line 52, in __init__
    self.risk_manager = RiskManager()
                        ~~~~~~~~~~~^^
TypeError: RiskManager.__init__() missing 2 required positional arguments: 'config' and 'exchange_manager'
2025-10-20 20:55:07,331 - INFO - [main:35] - Simplified logging configured.
2025-10-20 20:55:09,553 - INFO - [exchange_manager:31] - Initialized Okx client.
2025-10-20 20:55:12,262 - INFO - [exchange_manager:31] - Initialized Binance client.
2025-10-20 20:55:17,632 - INFO - [exchange_manager:31] - Initialized Bybit client.
2025-10-20 20:55:17,633 - INFO - [logging_config:98] - Logging initialized → human log: D:\Dev\py\crypto_arbitrage_bot\logs\bot.log | json log: D:\Dev\py\crypto_arbitrage_bot\logs\bot_structured.log
2025-10-20 20:55:17,667 - CRITICAL - [main:70] - An unexpected fatal error occurred: '_tkinter.tkapp' object has no attribute 'on_engine_status'
Traceback (most recent call last):
  File "D:\Dev\py\crypto_arbitrage_bot\main.py", line 63, in <module>
    app = App(config, EXCHANGES)
  File "D:\Dev\py\crypto_arbitrage_bot\gui_components\gui_application.py", line 65, in __init__
    "on_status": self.on_engine_status,
                 ^^^^^^^^^^^^^^^^^^^^^
  File "C:\Users\Aleksa\AppData\Local\Programs\Python\Python313\Lib\tkinter\__init__.py", line 2552, in __getattr__
    return getattr(self.tk, attr)
AttributeError: '_tkinter.tkapp' object has no attribute 'on_engine_status'
2025-10-20 20:58:48,170 - INFO - [main:35] - Simplified logging configured.
2025-10-20 20:58:50,309 - INFO - [exchange_manager:31] - Initialized Okx client.
2025-10-20 20:58:53,040 - INFO - [exchange_manager:31] - Initialized Binance client.
2025-10-20 20:58:57,568 - INFO - [exchange_manager:31] - Initialized Bybit client.
2025-10-20 20:58:57,569 - INFO - [logging_config:98] - Logging initialized → human log: D:\Dev\py\crypto_arbitrage_bot\logs\bot.log | json log: D:\Dev\py\crypto_arbitrage_bot\logs\bot_structured.log
2025-10-20 20:58:57,574 - INFO - [bot_engine:84] - SyncArbitrageEngine initialized (poll=0.75s)
2025-10-20 20:58:57,574 - CRITICAL - [main:70] - An unexpected fatal error occurred: ArbitrageBot.__init__() missing 1 required positional argument: 'trade_executor'
Traceback (most recent call last):
  File "D:\Dev\py\crypto_arbitrage_bot\main.py", line 63, in <module>
    app = App(config, EXCHANGES)
  File "D:\Dev\py\crypto_arbitrage_bot\gui_components\gui_application.py", line 77, in __init__
    self.bot = ArbitrageBot(config, exchanges_config, self.update_queue)
               ~~~~~~~~~~~~^^^^^^^^^^^^^^^^^^^^^^^^^^^^^^^^^^^^^^^^^^^^^
TypeError: ArbitrageBot.__init__() missing 1 required positional argument: 'trade_executor'
2025-10-20 21:00:59,093 - INFO - [main:35] - Simplified logging configured.
2025-10-20 21:01:01,260 - INFO - [exchange_manager:31] - Initialized Okx client.
2025-10-20 21:01:03,465 - INFO - [exchange_manager:31] - Initialized Binance client.
2025-10-20 21:01:08,374 - INFO - [exchange_manager:31] - Initialized Bybit client.
2025-10-20 21:01:08,374 - INFO - [logging_config:98] - Logging initialized → human log: D:\Dev\py\crypto_arbitrage_bot\logs\bot.log | json log: D:\Dev\py\crypto_arbitrage_bot\logs\bot_structured.log
2025-10-20 21:01:08,379 - INFO - [bot_engine:84] - SyncArbitrageEngine initialized (poll=0.75s)
2025-10-20 21:04:54,543 - INFO - [main:35] - Simplified logging configured.
2025-10-20 21:04:56,698 - INFO - [exchange_manager:31] - Initialized Okx client.
2025-10-20 21:04:58,878 - INFO - [exchange_manager:31] - Initialized Binance client.
2025-10-20 21:05:03,189 - INFO - [exchange_manager:31] - Initialized Bybit client.
2025-10-20 21:05:03,189 - INFO - [logging_config:98] - Logging initialized → human log: D:\Dev\py\crypto_arbitrage_bot\logs\bot.log | json log: D:\Dev\py\crypto_arbitrage_bot\logs\bot_structured.log
2025-10-20 21:05:03,194 - INFO - [bot_engine:85] - SyncArbitrageEngine initialized (poll=0.75s)
2025-10-20 21:07:02,709 - INFO - [main:35] - Simplified logging configured.
2025-10-20 21:07:04,731 - INFO - [exchange_manager:31] - Initialized Okx client.
2025-10-20 21:07:06,734 - INFO - [exchange_manager:31] - Initialized Binance client.
2025-10-20 21:07:13,098 - INFO - [exchange_manager:31] - Initialized Bybit client.
2025-10-20 21:07:13,099 - INFO - [logging_config:98] - Logging initialized → human log: D:\Dev\py\crypto_arbitrage_bot\logs\bot.log | json log: D:\Dev\py\crypto_arbitrage_bot\logs\bot_structured.log
2025-10-20 21:07:13,104 - CRITICAL - [main:70] - An unexpected fatal error occurred: ArbitrageBot.__init__() got an unexpected keyword argument 'config'
Traceback (most recent call last):
  File "D:\Dev\py\crypto_arbitrage_bot\main.py", line 63, in <module>
    app = App(config, EXCHANGES)
  File "D:\Dev\py\crypto_arbitrage_bot\gui_components\gui_application.py", line 61, in __init__
    self.engine = ArbitrageBot(
                  ~~~~~~~~~~~~^
        exchange_manager=self.exchange_manager,
        ^^^^^^^^^^^^^^^^^^^^^^^^^^^^^^^^^^^^^^^
    ...<13 lines>...
        config=self.config
        ^^^^^^^^^^^^^^^^^^
    )
    ^
TypeError: ArbitrageBot.__init__() got an unexpected keyword argument 'config'
2025-10-20 21:10:05,907 - INFO - [main:35] - Simplified logging configured.
2025-10-20 21:10:07,939 - INFO - [exchange_manager:31] - Initialized Okx client.
2025-10-20 21:10:10,393 - INFO - [exchange_manager:31] - Initialized Binance client.
2025-10-20 21:10:16,346 - INFO - [exchange_manager:31] - Initialized Bybit client.
2025-10-20 21:10:16,347 - INFO - [logging_config:98] - Logging initialized → human log: D:\Dev\py\crypto_arbitrage_bot\logs\bot.log | json log: D:\Dev\py\crypto_arbitrage_bot\logs\bot_structured.log
2025-10-20 21:10:16,352 - INFO - [bot_engine:87] - SyncArbitrageEngine initialized (poll=0.75s)
2025-10-20 21:10:33,206 - INFO - [gui_application:192] - --- Starting New Session ---
2025-10-20 21:10:33,207 - INFO - [gui_application:193] - Mode: LIVE TRADING
2025-10-20 21:10:33,207 - INFO - [gui_application:196] - Sizing Mode: FIXED @ $60.00
2025-10-20 21:10:33,207 - INFO - [gui_application:202] - Symbols: ETH/USDT
2025-10-20 21:10:53,541 - WARNING - [bot_engine:110] - Engine not running; ignoring stop()
2025-10-20 21:10:53,575 - INFO - [gui_application:243] - Bot shutdown complete.
2025-10-20 21:11:00,459 - INFO - [gui_application:192] - --- Starting New Session ---
2025-10-20 21:11:00,460 - INFO - [gui_application:193] - Mode: LIVE TRADING
2025-10-20 21:11:00,460 - INFO - [gui_application:196] - Sizing Mode: FIXED @ $6000.00
2025-10-20 21:11:00,461 - INFO - [gui_application:202] - Symbols: ETH/USDT
2025-10-20 21:12:02,880 - INFO - [main:35] - Simplified logging configured.
2025-10-20 21:12:04,924 - INFO - [exchange_manager:31] - Initialized Okx client.
2025-10-20 21:12:07,120 - INFO - [exchange_manager:31] - Initialized Binance client.
2025-10-20 21:12:13,179 - INFO - [exchange_manager:31] - Initialized Bybit client.
2025-10-20 21:12:13,180 - INFO - [logging_config:98] - Logging initialized → human log: D:\Dev\py\crypto_arbitrage_bot\logs\bot.log | json log: D:\Dev\py\crypto_arbitrage_bot\logs\bot_structured.log
2025-10-20 21:12:13,185 - INFO - [bot_engine:88] - SyncArbitrageEngine initialized (poll=0.75s)
