{"timestamp": "2025-10-20 20:55:17,633", "level": "INFO", "message": "Logging initialized \u2192 human log: D:\\Dev\\py\\crypto_arbitrage_bot\\logs\\bot.log | json log: D:\\Dev\\py\\crypto_arbitrage_bot\\logs\\bot_structured.log", "module": "logging_config", "funcName": "setup_logging", "lineNo": 98}
{"timestamp": "2025-10-20 20:55:17,667", "level": "CRITICAL", "message": "An unexpected fatal error occurred: '_tkinter.tkapp' object has no attribute 'on_engine_status'", "module": "main", "funcName": "<module>", "lineNo": 70, "exc_info": "Traceback (most recent call last):\n  File \"D:\\Dev\\py\\crypto_arbitrage_bot\\main.py\", line 63, in <module>\n    app = App(config, EXCHANGES)\n  File \"D:\\Dev\\py\\crypto_arbitrage_bot\\gui_components\\gui_application.py\", line 65, in __init__\n    \"on_status\": self.on_engine_status,\n                 ^^^^^^^^^^^^^^^^^^^^^\n  File \"C:\\Users\\Aleksa\\AppData\\Local\\Programs\\Python\\Python313\\Lib\\tkinter\\__init__.py\", line 2552, in __getattr__\n    return getattr(self.tk, attr)\nAttributeError: '_tkinter.tkapp' object has no attribute 'on_engine_status'"}
{"timestamp": "2025-10-20 20:58:57,569", "level": "INFO", "message": "Logging initialized \u2192 human log: D:\\Dev\\py\\crypto_arbitrage_bot\\logs\\bot.log | json log: D:\\Dev\\py\\crypto_arbitrage_bot\\logs\\bot_structured.log", "module": "logging_config", "funcName": "setup_logging", "lineNo": 98}
{"timestamp": "2025-10-20 20:58:57,574", "level": "INFO", "message": "SyncArbitrageEngine initialized (poll=0.75s)", "module": "bot_engine", "funcName": "__init__", "lineNo": 84}
{"timestamp": "2025-10-20 20:58:57,574", "level": "CRITICAL", "message": "An unexpected fatal error occurred: ArbitrageBot.__init__() missing 1 required positional argument: 'trade_executor'", "module": "main", "funcName": "<module>", "lineNo": 70, "exc_info": "Traceback (most recent call last):\n  File \"D:\\Dev\\py\\crypto_arbitrage_bot\\main.py\", line 63, in <module>\n    app = App(config, EXCHANGES)\n  File \"D:\\Dev\\py\\crypto_arbitrage_bot\\gui_components\\gui_application.py\", line 77, in __init__\n    self.bot = ArbitrageBot(config, exchanges_config, self.update_queue)\n               ~~~~~~~~~~~~^^^^^^^^^^^^^^^^^^^^^^^^^^^^^^^^^^^^^^^^^^^^^\nTypeError: ArbitrageBot.__init__() missing 1 required positional argument: 'trade_executor'"}
{"timestamp": "2025-10-20 21:01:08,374", "level": "INFO", "message": "Logging initialized \u2192 human log: D:\\Dev\\py\\crypto_arbitrage_bot\\logs\\bot.log | json log: D:\\Dev\\py\\crypto_arbitrage_bot\\logs\\bot_structured.log", "module": "logging_config", "funcName": "setup_logging", "lineNo": 98}
{"timestamp": "2025-10-20 21:01:08,379", "level": "INFO", "message": "SyncArbitrageEngine initialized (poll=0.75s)", "module": "bot_engine", "funcName": "__init__", "lineNo": 84}
{"timestamp": "2025-10-20 21:05:03,189", "level": "INFO", "message": "Logging initialized \u2192 human log: D:\\Dev\\py\\crypto_arbitrage_bot\\logs\\bot.log | json log: D:\\Dev\\py\\crypto_arbitrage_bot\\logs\\bot_structured.log", "module": "logging_config", "funcName": "setup_logging", "lineNo": 98}
{"timestamp": "2025-10-20 21:05:03,194", "level": "INFO", "message": "SyncArbitrageEngine initialized (poll=0.75s)", "module": "bot_engine", "funcName": "__init__", "lineNo": 85}
{"timestamp": "2025-10-20 21:07:13,099", "level": "INFO", "message": "Logging initialized \u2192 human log: D:\\Dev\\py\\crypto_arbitrage_bot\\logs\\bot.log | json log: D:\\Dev\\py\\crypto_arbitrage_bot\\logs\\bot_structured.log", "module": "logging_config", "funcName": "setup_logging", "lineNo": 98}
{"timestamp": "2025-10-20 21:07:13,104", "level": "CRITICAL", "message": "An unexpected fatal error occurred: ArbitrageBot.__init__() got an unexpected keyword argument 'config'", "module": "main", "funcName": "<module>", "lineNo": 70, "exc_info": "Traceback (most recent call last):\n  File \"D:\\Dev\\py\\crypto_arbitrage_bot\\main.py\", line 63, in <module>\n    app = App(config, EXCHANGES)\n  File \"D:\\Dev\\py\\crypto_arbitrage_bot\\gui_components\\gui_application.py\", line 61, in __init__\n    self.engine = ArbitrageBot(\n                  ~~~~~~~~~~~~^\n        exchange_manager=self.exchange_manager,\n        ^^^^^^^^^^^^^^^^^^^^^^^^^^^^^^^^^^^^^^^\n    ...<13 lines>...\n        config=self.config\n        ^^^^^^^^^^^^^^^^^^\n    )\n    ^\nTypeError: ArbitrageBot.__init__() got an unexpected keyword argument 'config'"}
{"timestamp": "2025-10-20 21:10:16,347", "level": "INFO", "message": "Logging initialized \u2192 human log: D:\\Dev\\py\\crypto_arbitrage_bot\\logs\\bot.log | json log: D:\\Dev\\py\\crypto_arbitrage_bot\\logs\\bot_structured.log", "module": "logging_config", "funcName": "setup_logging", "lineNo": 98}
{"timestamp": "2025-10-20 21:10:16,352", "level": "INFO", "message": "SyncArbitrageEngine initialized (poll=0.75s)", "module": "bot_engine", "funcName": "__init__", "lineNo": 87}
{"timestamp": "2025-10-20 21:10:33,206", "level": "INFO", "message": "--- Starting New Session ---", "module": "gui_application", "funcName": "start_bot", "lineNo": 192}
{"timestamp": "2025-10-20 21:10:33,207", "level": "INFO", "message": "Mode: LIVE TRADING", "module": "gui_application", "funcName": "start_bot", "lineNo": 193}
{"timestamp": "2025-10-20 21:10:33,207", "level": "INFO", "message": "Sizing Mode: FIXED @ $60.00", "module": "gui_application", "funcName": "start_bot", "lineNo": 196}
{"timestamp": "2025-10-20 21:10:33,207", "level": "INFO", "message": "Symbols: ETH/USDT", "module": "gui_application", "funcName": "start_bot", "lineNo": 202}
{"timestamp": "2025-10-20 21:10:53,541", "level": "WARNING", "message": "Engine not running; ignoring stop()", "module": "bot_engine", "funcName": "stop", "lineNo": 110}
{"timestamp": "2025-10-20 21:10:53,575", "level": "INFO", "message": "Bot shutdown complete.", "module": "gui_application", "funcName": "stop_bot", "lineNo": 243}
{"timestamp": "2025-10-20 21:11:00,459", "level": "INFO", "message": "--- Starting New Session ---", "module": "gui_application", "funcName": "start_bot", "lineNo": 192}
{"timestamp": "2025-10-20 21:11:00,460", "level": "INFO", "message": "Mode: LIVE TRADING", "module": "gui_application", "funcName": "start_bot", "lineNo": 193}
{"timestamp": "2025-10-20 21:11:00,460", "level": "INFO", "message": "Sizing Mode: FIXED @ $6000.00", "module": "gui_application", "funcName": "start_bot", "lineNo": 196}
{"timestamp": "2025-10-20 21:11:00,461", "level": "INFO", "message": "Symbols: ETH/USDT", "module": "gui_application", "funcName": "start_bot", "lineNo": 202}
{"timestamp": "2025-10-20 21:12:13,180", "level": "INFO", "message": "Logging initialized \u2192 human log: D:\\Dev\\py\\crypto_arbitrage_bot\\logs\\bot.log | json log: D:\\Dev\\py\\crypto_arbitrage_bot\\logs\\bot_structured.log", "module": "logging_config", "funcName": "setup_logging", "lineNo": 98}
{"timestamp": "2025-10-20 21:12:13,185", "level": "INFO", "message": "SyncArbitrageEngine initialized (poll=0.75s)", "module": "bot_engine", "funcName": "__init__", "lineNo": 88}
{"timestamp": "2025-10-20 21:16:18,877", "level": "INFO", "message": "Logging initialized -> human log: D:\\Dev\\py\\crypto_arbitrage_bot\\logs\\bot.log | json log: D:\\Dev\\py\\crypto_arbitrage_bot\\logs\\bot_structured.log", "module": "logging_config", "funcName": "setup_logging", "lineNo": 98}
{"timestamp": "2025-10-20 21:16:21,079", "level": "INFO", "message": "Initialized Okx client.", "module": "exchange_manager", "funcName": "_initialize_clients", "lineNo": 31}
{"timestamp": "2025-10-20 21:16:23,327", "level": "INFO", "message": "Initialized Binance client.", "module": "exchange_manager", "funcName": "_initialize_clients", "lineNo": 31}
{"timestamp": "2025-10-20 21:16:28,491", "level": "INFO", "message": "Initialized Bybit client.", "module": "exchange_manager", "funcName": "_initialize_clients", "lineNo": 31}
{"timestamp": "2025-10-20 21:16:28,492", "level": "INFO", "message": "SyncArbitrageEngine initialized (poll=0.75s)", "module": "bot_engine", "funcName": "__init__", "lineNo": 90}
{"timestamp": "2025-10-20 21:16:32,415", "level": "INFO", "message": "--- Starting New Session ---", "module": "gui_application", "funcName": "start_bot", "lineNo": 192}
{"timestamp": "2025-10-20 21:16:32,415", "level": "INFO", "message": "Mode: DRY RUN (SIMULATION)", "module": "gui_application", "funcName": "start_bot", "lineNo": 193}
{"timestamp": "2025-10-20 21:16:32,416", "level": "INFO", "message": "Sizing Mode: FIXED @ $20.00", "module": "gui_application", "funcName": "start_bot", "lineNo": 196}
{"timestamp": "2025-10-20 21:16:32,416", "level": "INFO", "message": "Symbols: BTC/USDT, ETH/USDT, SOL/USDT, XRP/USDT, ADA/USDT, AVAX/USDT, BNB/USDT, LINK/USDT, DOGE/USDT, SHIB/USDT", "module": "gui_application", "funcName": "start_bot", "lineNo": 202}
{"timestamp": "2025-10-20 21:16:41,310", "level": "WARNING", "message": "Engine not running; ignoring stop()", "module": "bot_engine", "funcName": "stop", "lineNo": 127}
{"timestamp": "2025-10-20 21:16:41,344", "level": "INFO", "message": "Bot shutdown complete.", "module": "gui_application", "funcName": "stop_bot", "lineNo": 243}
{"timestamp": "2025-10-20 21:16:50,897", "level": "INFO", "message": "--- Starting New Session ---", "module": "gui_application", "funcName": "start_bot", "lineNo": 192}
{"timestamp": "2025-10-20 21:16:50,898", "level": "INFO", "message": "Mode: LIVE TRADING", "module": "gui_application", "funcName": "start_bot", "lineNo": 193}
{"timestamp": "2025-10-20 21:16:50,898", "level": "INFO", "message": "Sizing Mode: FIXED @ $5000.00", "module": "gui_application", "funcName": "start_bot", "lineNo": 196}
{"timestamp": "2025-10-20 21:16:50,898", "level": "INFO", "message": "Symbols: BTC/USDT, ETH/USDT, SOL/USDT, XRP/USDT, ADA/USDT, AVAX/USDT", "module": "gui_application", "funcName": "start_bot", "lineNo": 202}
{"timestamp": "2025-10-20 21:20:20,045", "level": "INFO", "message": "Logging initialized -> human log: D:\\Dev\\py\\crypto_arbitrage_bot\\logs\\bot.log | json log: D:\\Dev\\py\\crypto_arbitrage_bot\\logs\\bot_structured.log", "module": "logging_config", "funcName": "setup_logging", "lineNo": 98}
{"timestamp": "2025-10-20 21:20:22,083", "level": "INFO", "message": "Initialized Okx client.", "module": "exchange_manager", "funcName": "_initialize_clients", "lineNo": 31}
{"timestamp": "2025-10-20 21:20:25,406", "level": "INFO", "message": "Initialized Binance client.", "module": "exchange_manager", "funcName": "_initialize_clients", "lineNo": 31}
{"timestamp": "2025-10-20 21:20:31,885", "level": "INFO", "message": "Initialized Bybit client.", "module": "exchange_manager", "funcName": "_initialize_clients", "lineNo": 31}
{"timestamp": "2025-10-20 21:20:31,885", "level": "INFO", "message": "SyncArbitrageEngine initialized (poll=0.75s)", "module": "bot_engine", "funcName": "__init__", "lineNo": 90}
{"timestamp": "2025-10-20 21:20:37,765", "level": "INFO", "message": "--- Starting New Session ---", "module": "gui_application", "funcName": "start_bot", "lineNo": 192}
{"timestamp": "2025-10-20 21:20:37,766", "level": "INFO", "message": "Mode: DRY RUN (SIMULATION)", "module": "gui_application", "funcName": "start_bot", "lineNo": 193}
{"timestamp": "2025-10-20 21:20:37,766", "level": "INFO", "message": "Sizing Mode: FIXED @ $20.00", "module": "gui_application", "funcName": "start_bot", "lineNo": 196}
{"timestamp": "2025-10-20 21:20:37,767", "level": "INFO", "message": "Symbols: BTC/USDT, ETH/USDT, SOL/USDT, XRP/USDT, ADA/USDT, AVAX/USDT, BNB/USDT, LINK/USDT", "module": "gui_application", "funcName": "start_bot", "lineNo": 202}
{"timestamp": "2025-10-20 21:20:37,808", "level": "INFO", "message": "[ENGINE STATUS] engine_started", "module": "gui_application", "funcName": "on_engine_status", "lineNo": 96}
{"timestamp": "2025-10-20 21:20:37,838", "level": "INFO", "message": "[ENGINE STATUS] warming_up", "module": "gui_application", "funcName": "on_engine_status", "lineNo": 96}
{"timestamp": "2025-10-20 21:20:37,844", "level": "INFO", "message": "[ENGINE STATUS] ok", "module": "gui_application", "funcName": "on_engine_status", "lineNo": 96}
{"timestamp": "2025-10-20 21:20:38,594", "level": "INFO", "message": "[ENGINE STATUS] ok", "module": "gui_application", "funcName": "on_engine_status", "lineNo": 96}
{"timestamp": "2025-10-20 21:20:39,344", "level": "INFO", "message": "[ENGINE STATUS] ok", "module": "gui_application", "funcName": "on_engine_status", "lineNo": 96}
{"timestamp": "2025-10-20 21:20:40,095", "level": "INFO", "message": "[ENGINE STATUS] ok", "module": "gui_application", "funcName": "on_engine_status", "lineNo": 96}
{"timestamp": "2025-10-20 21:20:40,845", "level": "INFO", "message": "[ENGINE STATUS] ok", "module": "gui_application", "funcName": "on_engine_status", "lineNo": 96}
{"timestamp": "2025-10-20 21:20:41,595", "level": "INFO", "message": "[ENGINE STATUS] ok", "module": "gui_application", "funcName": "on_engine_status", "lineNo": 96}
{"timestamp": "2025-10-20 21:20:42,346", "level": "INFO", "message": "[ENGINE STATUS] ok", "module": "gui_application", "funcName": "on_engine_status", "lineNo": 96}
{"timestamp": "2025-10-20 21:20:43,096", "level": "INFO", "message": "[ENGINE STATUS] ok", "module": "gui_application", "funcName": "on_engine_status", "lineNo": 96}
{"timestamp": "2025-10-20 21:20:43,847", "level": "INFO", "message": "[ENGINE STATUS] ok", "module": "gui_application", "funcName": "on_engine_status", "lineNo": 96}
{"timestamp": "2025-10-20 21:20:44,597", "level": "INFO", "message": "[ENGINE STATUS] ok", "module": "gui_application", "funcName": "on_engine_status", "lineNo": 96}
{"timestamp": "2025-10-20 21:20:45,348", "level": "INFO", "message": "[ENGINE STATUS] ok", "module": "gui_application", "funcName": "on_engine_status", "lineNo": 96}
{"timestamp": "2025-10-20 21:20:46,098", "level": "INFO", "message": "[ENGINE STATUS] ok", "module": "gui_application", "funcName": "on_engine_status", "lineNo": 96}
{"timestamp": "2025-10-20 21:20:46,849", "level": "INFO", "message": "[ENGINE STATUS] ok", "module": "gui_application", "funcName": "on_engine_status", "lineNo": 96}
{"timestamp": "2025-10-20 21:20:47,599", "level": "INFO", "message": "[ENGINE STATUS] ok", "module": "gui_application", "funcName": "on_engine_status", "lineNo": 96}
{"timestamp": "2025-10-20 21:20:48,350", "level": "INFO", "message": "[ENGINE STATUS] ok", "module": "gui_application", "funcName": "on_engine_status", "lineNo": 96}
{"timestamp": "2025-10-20 21:20:49,101", "level": "INFO", "message": "[ENGINE STATUS] ok", "module": "gui_application", "funcName": "on_engine_status", "lineNo": 96}
{"timestamp": "2025-10-20 21:20:49,852", "level": "INFO", "message": "[ENGINE STATUS] ok", "module": "gui_application", "funcName": "on_engine_status", "lineNo": 96}
{"timestamp": "2025-10-20 21:20:50,025", "level": "INFO", "message": "[ENGINE STATUS] engine_stopping", "module": "gui_application", "funcName": "on_engine_status", "lineNo": 96}
{"timestamp": "2025-10-20 21:20:50,026", "level": "INFO", "message": "[Trade] received stop signal", "module": "trade_executor", "funcName": "_emit", "lineNo": 230}
{"timestamp": "2025-10-20 21:20:50,026", "level": "INFO", "message": "Engine stopped", "module": "bot_engine", "funcName": "stop", "lineNo": 146}
{"timestamp": "2025-10-20 21:20:50,026", "level": "INFO", "message": "Waiting for bot thread to terminate...", "module": "gui_application", "funcName": "stop_bot", "lineNo": 237}
{"timestamp": "2025-10-20 21:20:50,603", "level": "INFO", "message": "[ENGINE STATUS] stopped", "module": "gui_application", "funcName": "on_engine_status", "lineNo": 96}
{"timestamp": "2025-10-20 21:21:00,065", "level": "INFO", "message": "Bot shutdown complete.", "module": "gui_application", "funcName": "stop_bot", "lineNo": 243}
{"timestamp": "2025-10-20 21:21:00,084", "level": "INFO", "message": "[ENGINE STATUS] engine_stopped", "module": "gui_application", "funcName": "on_engine_status", "lineNo": 96}
{"timestamp": "2025-10-20 21:21:22,259", "level": "INFO", "message": "--- Starting New Session ---", "module": "gui_application", "funcName": "start_bot", "lineNo": 192}
{"timestamp": "2025-10-20 21:21:22,260", "level": "INFO", "message": "Mode: LIVE TRADING", "module": "gui_application", "funcName": "start_bot", "lineNo": 193}
{"timestamp": "2025-10-20 21:21:22,260", "level": "INFO", "message": "Sizing Mode: FIXED @ $1520.00", "module": "gui_application", "funcName": "start_bot", "lineNo": 196}
{"timestamp": "2025-10-20 21:21:22,261", "level": "INFO", "message": "Symbols: BTC/USDT, ETH/USDT, SOL/USDT, XRP/USDT, ADA/USDT, AVAX/USDT, BNB/USDT, LINK/USDT", "module": "gui_application", "funcName": "start_bot", "lineNo": 202}
{"timestamp": "2025-10-20 21:21:22,300", "level": "INFO", "message": "[ENGINE STATUS] engine_started", "module": "gui_application", "funcName": "on_engine_status", "lineNo": 96}
{"timestamp": "2025-10-20 21:21:22,336", "level": "INFO", "message": "[ENGINE STATUS] warming_up", "module": "gui_application", "funcName": "on_engine_status", "lineNo": 96}
{"timestamp": "2025-10-20 21:21:22,341", "level": "INFO", "message": "[ENGINE STATUS] ok", "module": "gui_application", "funcName": "on_engine_status", "lineNo": 96}
{"timestamp": "2025-10-20 21:21:23,092", "level": "INFO", "message": "[ENGINE STATUS] ok", "module": "gui_application", "funcName": "on_engine_status", "lineNo": 96}
{"timestamp": "2025-10-20 21:21:23,842", "level": "INFO", "message": "[ENGINE STATUS] ok", "module": "gui_application", "funcName": "on_engine_status", "lineNo": 96}
{"timestamp": "2025-10-20 21:21:24,592", "level": "INFO", "message": "[ENGINE STATUS] ok", "module": "gui_application", "funcName": "on_engine_status", "lineNo": 96}
{"timestamp": "2025-10-20 21:21:25,342", "level": "INFO", "message": "[ENGINE STATUS] ok", "module": "gui_application", "funcName": "on_engine_status", "lineNo": 96}
{"timestamp": "2025-10-20 21:21:26,092", "level": "INFO", "message": "[ENGINE STATUS] ok", "module": "gui_application", "funcName": "on_engine_status", "lineNo": 96}
{"timestamp": "2025-10-20 21:21:26,842", "level": "INFO", "message": "[ENGINE STATUS] ok", "module": "gui_application", "funcName": "on_engine_status", "lineNo": 96}
{"timestamp": "2025-10-20 21:21:27,592", "level": "INFO", "message": "[ENGINE STATUS] ok", "module": "gui_application", "funcName": "on_engine_status", "lineNo": 96}
{"timestamp": "2025-10-20 21:21:28,342", "level": "INFO", "message": "[ENGINE STATUS] ok", "module": "gui_application", "funcName": "on_engine_status", "lineNo": 96}
{"timestamp": "2025-10-20 21:21:28,644", "level": "INFO", "message": "[ENGINE STATUS] engine_stopping", "module": "gui_application", "funcName": "on_engine_status", "lineNo": 96}
{"timestamp": "2025-10-20 21:21:28,645", "level": "INFO", "message": "[Trade] received stop signal", "module": "trade_executor", "funcName": "_emit", "lineNo": 230}
{"timestamp": "2025-10-20 21:21:28,645", "level": "INFO", "message": "Engine stopped", "module": "bot_engine", "funcName": "stop", "lineNo": 146}
{"timestamp": "2025-10-20 21:21:28,646", "level": "INFO", "message": "Waiting for bot thread to terminate...", "module": "gui_application", "funcName": "stop_bot", "lineNo": 237}
{"timestamp": "2025-10-20 21:21:29,093", "level": "INFO", "message": "[ENGINE STATUS] stopped", "module": "gui_application", "funcName": "on_engine_status", "lineNo": 96}
{"timestamp": "2025-10-20 21:21:38,690", "level": "INFO", "message": "Bot shutdown complete.", "module": "gui_application", "funcName": "stop_bot", "lineNo": 243}
{"timestamp": "2025-10-20 21:21:38,709", "level": "INFO", "message": "[ENGINE STATUS] engine_stopped", "module": "gui_application", "funcName": "on_engine_status", "lineNo": 96}
{"timestamp": "2025-10-20 21:25:06,033", "level": "INFO", "message": "Logging initialized -> human log: D:\\Dev\\py\\crypto_arbitrage_bot\\logs\\bot.log | json log: D:\\Dev\\py\\crypto_arbitrage_bot\\logs\\bot_structured.log", "module": "logging_config", "funcName": "setup_logging", "lineNo": 98}
{"timestamp": "2025-10-20 21:25:08,184", "level": "INFO", "message": "Initialized Okx client.", "module": "exchange_manager", "funcName": "_initialize_clients", "lineNo": 31}
{"timestamp": "2025-10-20 21:25:10,842", "level": "INFO", "message": "Initialized Binance client.", "module": "exchange_manager", "funcName": "_initialize_clients", "lineNo": 31}
{"timestamp": "2025-10-20 21:25:16,947", "level": "INFO", "message": "Initialized Bybit client.", "module": "exchange_manager", "funcName": "_initialize_clients", "lineNo": 31}
{"timestamp": "2025-10-20 21:25:16,947", "level": "INFO", "message": "SyncArbitrageEngine initialized (poll=0.75s)", "module": "bot_engine", "funcName": "__init__", "lineNo": 90}
{"timestamp": "2025-10-20 21:25:24,447", "level": "INFO", "message": "--- Starting New Session ---", "module": "gui_application", "funcName": "start_bot", "lineNo": 192}
{"timestamp": "2025-10-20 21:25:24,447", "level": "INFO", "message": "Mode: LIVE TRADING", "module": "gui_application", "funcName": "start_bot", "lineNo": 193}
{"timestamp": "2025-10-20 21:25:24,447", "level": "INFO", "message": "Sizing Mode: FIXED @ $50.00", "module": "gui_application", "funcName": "start_bot", "lineNo": 196}
{"timestamp": "2025-10-20 21:25:24,447", "level": "INFO", "message": "Symbols: BTC/USDT, ETH/USDT, SOL/USDT, XRP/USDT, ADA/USDT, AVAX/USDT, BNB/USDT, LINK/USDT, DOGE/USDT, SHIB/USDT", "module": "gui_application", "funcName": "start_bot", "lineNo": 202}
{"timestamp": "2025-10-20 21:25:24,483", "level": "INFO", "message": "[ENGINE STATUS] engine_started", "module": "gui_application", "funcName": "on_engine_status", "lineNo": 96}
{"timestamp": "2025-10-20 21:25:24,515", "level": "INFO", "message": "[ENGINE STATUS] warming_up", "module": "gui_application", "funcName": "on_engine_status", "lineNo": 96}
{"timestamp": "2025-10-20 21:25:24,522", "level": "INFO", "message": "[ENGINE STATUS] ok", "module": "gui_application", "funcName": "on_engine_status", "lineNo": 96}
{"timestamp": "2025-10-20 21:25:25,272", "level": "INFO", "message": "[ENGINE STATUS] ok", "module": "gui_application", "funcName": "on_engine_status", "lineNo": 96}
{"timestamp": "2025-10-20 21:25:26,022", "level": "INFO", "message": "[ENGINE STATUS] ok", "module": "gui_application", "funcName": "on_engine_status", "lineNo": 96}
{"timestamp": "2025-10-20 21:25:26,773", "level": "INFO", "message": "[ENGINE STATUS] ok", "module": "gui_application", "funcName": "on_engine_status", "lineNo": 96}
{"timestamp": "2025-10-20 21:25:27,523", "level": "INFO", "message": "[ENGINE STATUS] ok", "module": "gui_application", "funcName": "on_engine_status", "lineNo": 96}
{"timestamp": "2025-10-20 21:25:28,274", "level": "INFO", "message": "[ENGINE STATUS] ok", "module": "gui_application", "funcName": "on_engine_status", "lineNo": 96}
{"timestamp": "2025-10-20 21:25:29,025", "level": "INFO", "message": "[ENGINE STATUS] ok", "module": "gui_application", "funcName": "on_engine_status", "lineNo": 96}
{"timestamp": "2025-10-20 21:25:29,775", "level": "INFO", "message": "[ENGINE STATUS] ok", "module": "gui_application", "funcName": "on_engine_status", "lineNo": 96}
{"timestamp": "2025-10-20 21:25:30,525", "level": "INFO", "message": "[ENGINE STATUS] ok", "module": "gui_application", "funcName": "on_engine_status", "lineNo": 96}
{"timestamp": "2025-10-20 21:25:31,276", "level": "INFO", "message": "[ENGINE STATUS] ok", "module": "gui_application", "funcName": "on_engine_status", "lineNo": 96}
{"timestamp": "2025-10-20 21:25:32,026", "level": "INFO", "message": "[ENGINE STATUS] ok", "module": "gui_application", "funcName": "on_engine_status", "lineNo": 96}
{"timestamp": "2025-10-20 21:25:32,777", "level": "INFO", "message": "[ENGINE STATUS] ok", "module": "gui_application", "funcName": "on_engine_status", "lineNo": 96}
{"timestamp": "2025-10-20 21:25:33,528", "level": "INFO", "message": "[ENGINE STATUS] ok", "module": "gui_application", "funcName": "on_engine_status", "lineNo": 96}
{"timestamp": "2025-10-20 21:25:33,920", "level": "INFO", "message": "[ENGINE STATUS] engine_stopping", "module": "gui_application", "funcName": "on_engine_status", "lineNo": 96}
{"timestamp": "2025-10-20 21:25:33,920", "level": "INFO", "message": "[Trade] received stop signal", "module": "trade_executor", "funcName": "_emit", "lineNo": 230}
{"timestamp": "2025-10-20 21:25:33,921", "level": "INFO", "message": "Engine stopped", "module": "bot_engine", "funcName": "stop", "lineNo": 146}
{"timestamp": "2025-10-20 21:25:33,921", "level": "INFO", "message": "Waiting for bot thread to terminate...", "module": "gui_application", "funcName": "stop_bot", "lineNo": 237}
{"timestamp": "2025-10-20 21:25:34,279", "level": "INFO", "message": "[ENGINE STATUS] stopped", "module": "gui_application", "funcName": "on_engine_status", "lineNo": 96}
{"timestamp": "2025-10-20 21:25:43,968", "level": "INFO", "message": "Bot shutdown complete.", "module": "gui_application", "funcName": "stop_bot", "lineNo": 243}
{"timestamp": "2025-10-20 21:25:43,984", "level": "INFO", "message": "[ENGINE STATUS] engine_stopped", "module": "gui_application", "funcName": "on_engine_status", "lineNo": 96}
{"timestamp": "2025-10-20 21:26:09,687", "level": "INFO", "message": "Logging initialized -> human log: D:\\Dev\\py\\crypto_arbitrage_bot\\logs\\bot.log | json log: D:\\Dev\\py\\crypto_arbitrage_bot\\logs\\bot_structured.log", "module": "logging_config", "funcName": "setup_logging", "lineNo": 98}
{"timestamp": "2025-10-20 21:26:11,880", "level": "INFO", "message": "Initialized Okx client.", "module": "exchange_manager", "funcName": "_initialize_clients", "lineNo": 31}
{"timestamp": "2025-10-20 21:26:14,097", "level": "INFO", "message": "Initialized Binance client.", "module": "exchange_manager", "funcName": "_initialize_clients", "lineNo": 31}
{"timestamp": "2025-10-20 21:26:19,629", "level": "INFO", "message": "Initialized Bybit client.", "module": "exchange_manager", "funcName": "_initialize_clients", "lineNo": 31}
{"timestamp": "2025-10-20 21:26:19,629", "level": "INFO", "message": "SyncArbitrageEngine initialized (poll=0.75s)", "module": "bot_engine", "funcName": "__init__", "lineNo": 90}
{"timestamp": "2025-10-20 21:26:27,035", "level": "INFO", "message": "--- Starting New Session ---", "module": "gui_application", "funcName": "start_bot", "lineNo": 192}
{"timestamp": "2025-10-20 21:26:27,035", "level": "INFO", "message": "Mode: LIVE TRADING", "module": "gui_application", "funcName": "start_bot", "lineNo": 193}
{"timestamp": "2025-10-20 21:26:27,036", "level": "INFO", "message": "Sizing Mode: FIXED @ $600.00", "module": "gui_application", "funcName": "start_bot", "lineNo": 196}
{"timestamp": "2025-10-20 21:26:27,036", "level": "INFO", "message": "Symbols: BTC/USDT, ETH/USDT, SOL/USDT, XRP/USDT, ADA/USDT, AVAX/USDT, BNB/USDT, LINK/USDT, DOGE/USDT, SHIB/USDT", "module": "gui_application", "funcName": "start_bot", "lineNo": 202}
{"timestamp": "2025-10-20 21:26:27,071", "level": "INFO", "message": "[ENGINE STATUS] engine_started", "module": "gui_application", "funcName": "on_engine_status", "lineNo": 96}
{"timestamp": "2025-10-20 21:26:27,103", "level": "INFO", "message": "[ENGINE STATUS] warming_up", "module": "gui_application", "funcName": "on_engine_status", "lineNo": 96}
{"timestamp": "2025-10-20 21:26:27,110", "level": "INFO", "message": "[ENGINE STATUS] ok", "module": "gui_application", "funcName": "on_engine_status", "lineNo": 96}
{"timestamp": "2025-10-20 21:26:27,861", "level": "INFO", "message": "[ENGINE STATUS] ok", "module": "gui_application", "funcName": "on_engine_status", "lineNo": 96}
{"timestamp": "2025-10-20 21:26:28,611", "level": "INFO", "message": "[ENGINE STATUS] ok", "module": "gui_application", "funcName": "on_engine_status", "lineNo": 96}
{"timestamp": "2025-10-20 21:26:29,362", "level": "INFO", "message": "[ENGINE STATUS] ok", "module": "gui_application", "funcName": "on_engine_status", "lineNo": 96}
{"timestamp": "2025-10-20 21:26:30,112", "level": "INFO", "message": "[ENGINE STATUS] ok", "module": "gui_application", "funcName": "on_engine_status", "lineNo": 96}
{"timestamp": "2025-10-20 21:26:30,863", "level": "INFO", "message": "[ENGINE STATUS] ok", "module": "gui_application", "funcName": "on_engine_status", "lineNo": 96}
{"timestamp": "2025-10-20 21:26:31,614", "level": "INFO", "message": "[ENGINE STATUS] ok", "module": "gui_application", "funcName": "on_engine_status", "lineNo": 96}
{"timestamp": "2025-10-20 21:26:32,364", "level": "INFO", "message": "[ENGINE STATUS] ok", "module": "gui_application", "funcName": "on_engine_status", "lineNo": 96}
{"timestamp": "2025-10-20 21:26:33,115", "level": "INFO", "message": "[ENGINE STATUS] ok", "module": "gui_application", "funcName": "on_engine_status", "lineNo": 96}
{"timestamp": "2025-10-20 21:26:33,865", "level": "INFO", "message": "[ENGINE STATUS] ok", "module": "gui_application", "funcName": "on_engine_status", "lineNo": 96}
{"timestamp": "2025-10-20 21:26:34,616", "level": "INFO", "message": "[ENGINE STATUS] ok", "module": "gui_application", "funcName": "on_engine_status", "lineNo": 96}
{"timestamp": "2025-10-20 21:26:35,366", "level": "INFO", "message": "[ENGINE STATUS] ok", "module": "gui_application", "funcName": "on_engine_status", "lineNo": 96}
{"timestamp": "2025-10-20 21:26:36,116", "level": "INFO", "message": "[ENGINE STATUS] ok", "module": "gui_application", "funcName": "on_engine_status", "lineNo": 96}
{"timestamp": "2025-10-20 21:26:36,867", "level": "INFO", "message": "[ENGINE STATUS] ok", "module": "gui_application", "funcName": "on_engine_status", "lineNo": 96}
{"timestamp": "2025-10-20 21:26:37,617", "level": "INFO", "message": "[ENGINE STATUS] ok", "module": "gui_application", "funcName": "on_engine_status", "lineNo": 96}
{"timestamp": "2025-10-20 21:26:38,368", "level": "INFO", "message": "[ENGINE STATUS] ok", "module": "gui_application", "funcName": "on_engine_status", "lineNo": 96}
{"timestamp": "2025-10-20 21:26:39,118", "level": "INFO", "message": "[ENGINE STATUS] ok", "module": "gui_application", "funcName": "on_engine_status", "lineNo": 96}
{"timestamp": "2025-10-20 21:26:39,868", "level": "INFO", "message": "[ENGINE STATUS] ok", "module": "gui_application", "funcName": "on_engine_status", "lineNo": 96}
{"timestamp": "2025-10-20 21:26:40,619", "level": "INFO", "message": "[ENGINE STATUS] ok", "module": "gui_application", "funcName": "on_engine_status", "lineNo": 96}
{"timestamp": "2025-10-20 21:26:41,370", "level": "INFO", "message": "[ENGINE STATUS] ok", "module": "gui_application", "funcName": "on_engine_status", "lineNo": 96}
{"timestamp": "2025-10-20 21:26:42,120", "level": "INFO", "message": "[ENGINE STATUS] ok", "module": "gui_application", "funcName": "on_engine_status", "lineNo": 96}
{"timestamp": "2025-10-20 21:26:42,871", "level": "INFO", "message": "[ENGINE STATUS] ok", "module": "gui_application", "funcName": "on_engine_status", "lineNo": 96}
{"timestamp": "2025-10-20 21:26:43,622", "level": "INFO", "message": "[ENGINE STATUS] ok", "module": "gui_application", "funcName": "on_engine_status", "lineNo": 96}
{"timestamp": "2025-10-20 21:26:44,372", "level": "INFO", "message": "[ENGINE STATUS] ok", "module": "gui_application", "funcName": "on_engine_status", "lineNo": 96}
{"timestamp": "2025-10-20 21:26:45,122", "level": "INFO", "message": "[ENGINE STATUS] ok", "module": "gui_application", "funcName": "on_engine_status", "lineNo": 96}
{"timestamp": "2025-10-20 21:26:45,873", "level": "INFO", "message": "[ENGINE STATUS] ok", "module": "gui_application", "funcName": "on_engine_status", "lineNo": 96}
{"timestamp": "2025-10-20 21:26:46,624", "level": "INFO", "message": "[ENGINE STATUS] ok", "module": "gui_application", "funcName": "on_engine_status", "lineNo": 96}
{"timestamp": "2025-10-20 21:26:47,374", "level": "INFO", "message": "[ENGINE STATUS] ok", "module": "gui_application", "funcName": "on_engine_status", "lineNo": 96}
{"timestamp": "2025-10-20 21:26:48,125", "level": "INFO", "message": "[ENGINE STATUS] ok", "module": "gui_application", "funcName": "on_engine_status", "lineNo": 96}
{"timestamp": "2025-10-20 21:26:48,875", "level": "INFO", "message": "[ENGINE STATUS] ok", "module": "gui_application", "funcName": "on_engine_status", "lineNo": 96}
{"timestamp": "2025-10-20 21:26:49,626", "level": "INFO", "message": "[ENGINE STATUS] ok", "module": "gui_application", "funcName": "on_engine_status", "lineNo": 96}
{"timestamp": "2025-10-20 21:26:50,376", "level": "INFO", "message": "[ENGINE STATUS] ok", "module": "gui_application", "funcName": "on_engine_status", "lineNo": 96}
{"timestamp": "2025-10-20 21:26:51,126", "level": "INFO", "message": "[ENGINE STATUS] ok", "module": "gui_application", "funcName": "on_engine_status", "lineNo": 96}
{"timestamp": "2025-10-20 21:26:51,877", "level": "INFO", "message": "[ENGINE STATUS] ok", "module": "gui_application", "funcName": "on_engine_status", "lineNo": 96}
{"timestamp": "2025-10-20 21:26:52,627", "level": "INFO", "message": "[ENGINE STATUS] ok", "module": "gui_application", "funcName": "on_engine_status", "lineNo": 96}
{"timestamp": "2025-10-20 21:26:53,378", "level": "INFO", "message": "[ENGINE STATUS] ok", "module": "gui_application", "funcName": "on_engine_status", "lineNo": 96}
{"timestamp": "2025-10-20 21:26:54,129", "level": "INFO", "message": "[ENGINE STATUS] ok", "module": "gui_application", "funcName": "on_engine_status", "lineNo": 96}
{"timestamp": "2025-10-20 21:26:54,879", "level": "INFO", "message": "[ENGINE STATUS] ok", "module": "gui_application", "funcName": "on_engine_status", "lineNo": 96}
{"timestamp": "2025-10-20 21:26:55,287", "level": "INFO", "message": "[ENGINE STATUS] engine_stopping", "module": "gui_application", "funcName": "on_engine_status", "lineNo": 96}
{"timestamp": "2025-10-20 21:26:55,288", "level": "INFO", "message": "[Trade] received stop signal", "module": "trade_executor", "funcName": "_emit", "lineNo": 230}
{"timestamp": "2025-10-20 21:26:55,289", "level": "INFO", "message": "Engine stopped", "module": "bot_engine", "funcName": "stop", "lineNo": 146}
{"timestamp": "2025-10-20 21:26:55,289", "level": "INFO", "message": "Waiting for bot thread to terminate...", "module": "gui_application", "funcName": "stop_bot", "lineNo": 237}
{"timestamp": "2025-10-20 21:26:55,629", "level": "INFO", "message": "[ENGINE STATUS] stopped", "module": "gui_application", "funcName": "on_engine_status", "lineNo": 96}
{"timestamp": "2025-10-20 21:27:05,322", "level": "INFO", "message": "Bot shutdown complete.", "module": "gui_application", "funcName": "stop_bot", "lineNo": 243}
{"timestamp": "2025-10-20 21:27:05,395", "level": "INFO", "message": "[ENGINE STATUS] engine_stopped", "module": "gui_application", "funcName": "on_engine_status", "lineNo": 96}
{"timestamp": "2025-10-20 21:31:36,406", "level": "INFO", "message": "Logging initialized -> human log: D:\\Dev\\py\\crypto_arbitrage_bot\\logs\\bot.log | json log: D:\\Dev\\py\\crypto_arbitrage_bot\\logs\\bot_structured.log", "module": "logging_config", "funcName": "setup_logging", "lineNo": 98}
{"timestamp": "2025-10-20 21:31:38,528", "level": "INFO", "message": "Initialized Okx client.", "module": "exchange_manager", "funcName": "_initialize_clients", "lineNo": 31}
{"timestamp": "2025-10-20 21:31:41,254", "level": "INFO", "message": "Initialized Binance client.", "module": "exchange_manager", "funcName": "_initialize_clients", "lineNo": 31}
{"timestamp": "2025-10-20 21:31:46,671", "level": "INFO", "message": "Initialized Bybit client.", "module": "exchange_manager", "funcName": "_initialize_clients", "lineNo": 31}
{"timestamp": "2025-10-20 21:31:46,671", "level": "INFO", "message": "SyncArbitrageEngine initialized (poll=0.75s)", "module": "bot_engine", "funcName": "__init__", "lineNo": 90}
{"timestamp": "2025-10-20 21:31:54,052", "level": "INFO", "message": "--- Starting New Session ---", "module": "gui_application", "funcName": "start_bot", "lineNo": 207}
{"timestamp": "2025-10-20 21:31:54,052", "level": "INFO", "message": "Mode: LIVE TRADING", "module": "gui_application", "funcName": "start_bot", "lineNo": 208}
{"timestamp": "2025-10-20 21:31:54,052", "level": "INFO", "message": "Sizing Mode: FIXED @ $600.00", "module": "gui_application", "funcName": "start_bot", "lineNo": 211}
{"timestamp": "2025-10-20 21:31:54,053", "level": "INFO", "message": "Symbols: BTC/USDT, ETH/USDT, SOL/USDT, XRP/USDT, ADA/USDT, AVAX/USDT, BNB/USDT, LINK/USDT, DOGE/USDT, SHIB/USDT", "module": "gui_application", "funcName": "start_bot", "lineNo": 217}
{"timestamp": "2025-10-20 21:31:54,086", "level": "INFO", "message": "[ENGINE STATUS] engine_started", "module": "gui_application", "funcName": "on_engine_status", "lineNo": 96}
{"timestamp": "2025-10-20 21:31:54,114", "level": "INFO", "message": "[ENGINE STATUS] warming_up", "module": "gui_application", "funcName": "on_engine_status", "lineNo": 96}
{"timestamp": "2025-10-20 21:31:54,120", "level": "INFO", "message": "[ENGINE STATUS] ok", "module": "gui_application", "funcName": "on_engine_status", "lineNo": 96}
{"timestamp": "2025-10-20 21:31:54,870", "level": "INFO", "message": "[ENGINE STATUS] ok", "module": "gui_application", "funcName": "on_engine_status", "lineNo": 96}
{"timestamp": "2025-10-20 21:31:55,621", "level": "INFO", "message": "[ENGINE STATUS] ok", "module": "gui_application", "funcName": "on_engine_status", "lineNo": 96}
{"timestamp": "2025-10-20 21:31:56,371", "level": "INFO", "message": "[ENGINE STATUS] ok", "module": "gui_application", "funcName": "on_engine_status", "lineNo": 96}
{"timestamp": "2025-10-20 21:31:57,122", "level": "INFO", "message": "[ENGINE STATUS] ok", "module": "gui_application", "funcName": "on_engine_status", "lineNo": 96}
{"timestamp": "2025-10-20 21:31:57,873", "level": "INFO", "message": "[ENGINE STATUS] ok", "module": "gui_application", "funcName": "on_engine_status", "lineNo": 96}
{"timestamp": "2025-10-20 21:31:58,624", "level": "INFO", "message": "[ENGINE STATUS] ok", "module": "gui_application", "funcName": "on_engine_status", "lineNo": 96}
{"timestamp": "2025-10-20 21:31:59,375", "level": "INFO", "message": "[ENGINE STATUS] ok", "module": "gui_application", "funcName": "on_engine_status", "lineNo": 96}
{"timestamp": "2025-10-20 21:32:00,125", "level": "INFO", "message": "[ENGINE STATUS] ok", "module": "gui_application", "funcName": "on_engine_status", "lineNo": 96}
{"timestamp": "2025-10-20 21:32:00,876", "level": "INFO", "message": "[ENGINE STATUS] ok", "module": "gui_application", "funcName": "on_engine_status", "lineNo": 96}
{"timestamp": "2025-10-20 21:32:01,626", "level": "INFO", "message": "[ENGINE STATUS] ok", "module": "gui_application", "funcName": "on_engine_status", "lineNo": 96}
{"timestamp": "2025-10-20 21:32:02,376", "level": "INFO", "message": "[ENGINE STATUS] ok", "module": "gui_application", "funcName": "on_engine_status", "lineNo": 96}
{"timestamp": "2025-10-20 21:32:03,127", "level": "INFO", "message": "[ENGINE STATUS] ok", "module": "gui_application", "funcName": "on_engine_status", "lineNo": 96}
{"timestamp": "2025-10-20 21:32:03,878", "level": "INFO", "message": "[ENGINE STATUS] ok", "module": "gui_application", "funcName": "on_engine_status", "lineNo": 96}
{"timestamp": "2025-10-20 21:32:04,628", "level": "INFO", "message": "[ENGINE STATUS] ok", "module": "gui_application", "funcName": "on_engine_status", "lineNo": 96}
{"timestamp": "2025-10-20 21:32:05,379", "level": "INFO", "message": "[ENGINE STATUS] ok", "module": "gui_application", "funcName": "on_engine_status", "lineNo": 96}
{"timestamp": "2025-10-20 21:32:06,129", "level": "INFO", "message": "[ENGINE STATUS] ok", "module": "gui_application", "funcName": "on_engine_status", "lineNo": 96}
{"timestamp": "2025-10-20 21:32:06,880", "level": "INFO", "message": "[ENGINE STATUS] ok", "module": "gui_application", "funcName": "on_engine_status", "lineNo": 96}
{"timestamp": "2025-10-20 21:32:07,630", "level": "INFO", "message": "[ENGINE STATUS] ok", "module": "gui_application", "funcName": "on_engine_status", "lineNo": 96}
{"timestamp": "2025-10-20 21:32:08,381", "level": "INFO", "message": "[ENGINE STATUS] ok", "module": "gui_application", "funcName": "on_engine_status", "lineNo": 96}
{"timestamp": "2025-10-20 21:32:09,131", "level": "INFO", "message": "[ENGINE STATUS] ok", "module": "gui_application", "funcName": "on_engine_status", "lineNo": 96}
{"timestamp": "2025-10-20 21:32:09,881", "level": "INFO", "message": "[ENGINE STATUS] ok", "module": "gui_application", "funcName": "on_engine_status", "lineNo": 96}
{"timestamp": "2025-10-20 21:32:10,632", "level": "INFO", "message": "[ENGINE STATUS] ok", "module": "gui_application", "funcName": "on_engine_status", "lineNo": 96}
{"timestamp": "2025-10-20 21:32:11,383", "level": "INFO", "message": "[ENGINE STATUS] ok", "module": "gui_application", "funcName": "on_engine_status", "lineNo": 96}
{"timestamp": "2025-10-20 21:32:12,133", "level": "INFO", "message": "[ENGINE STATUS] ok", "module": "gui_application", "funcName": "on_engine_status", "lineNo": 96}
{"timestamp": "2025-10-20 21:32:12,883", "level": "INFO", "message": "[ENGINE STATUS] ok", "module": "gui_application", "funcName": "on_engine_status", "lineNo": 96}
{"timestamp": "2025-10-20 21:32:13,634", "level": "INFO", "message": "[ENGINE STATUS] ok", "module": "gui_application", "funcName": "on_engine_status", "lineNo": 96}
{"timestamp": "2025-10-20 21:32:14,384", "level": "INFO", "message": "[ENGINE STATUS] ok", "module": "gui_application", "funcName": "on_engine_status", "lineNo": 96}
{"timestamp": "2025-10-20 21:32:15,135", "level": "INFO", "message": "[ENGINE STATUS] ok", "module": "gui_application", "funcName": "on_engine_status", "lineNo": 96}
{"timestamp": "2025-10-20 21:32:15,886", "level": "INFO", "message": "[ENGINE STATUS] ok", "module": "gui_application", "funcName": "on_engine_status", "lineNo": 96}
{"timestamp": "2025-10-20 21:32:16,637", "level": "INFO", "message": "[ENGINE STATUS] ok", "module": "gui_application", "funcName": "on_engine_status", "lineNo": 96}
{"timestamp": "2025-10-20 21:32:17,388", "level": "INFO", "message": "[ENGINE STATUS] ok", "module": "gui_application", "funcName": "on_engine_status", "lineNo": 96}
{"timestamp": "2025-10-20 21:32:18,139", "level": "INFO", "message": "[ENGINE STATUS] ok", "module": "gui_application", "funcName": "on_engine_status", "lineNo": 96}
{"timestamp": "2025-10-20 21:32:18,889", "level": "INFO", "message": "[ENGINE STATUS] ok", "module": "gui_application", "funcName": "on_engine_status", "lineNo": 96}
{"timestamp": "2025-10-20 21:32:19,640", "level": "INFO", "message": "[ENGINE STATUS] ok", "module": "gui_application", "funcName": "on_engine_status", "lineNo": 96}
{"timestamp": "2025-10-20 21:32:20,390", "level": "INFO", "message": "[ENGINE STATUS] ok", "module": "gui_application", "funcName": "on_engine_status", "lineNo": 96}
{"timestamp": "2025-10-20 21:32:21,141", "level": "INFO", "message": "[ENGINE STATUS] ok", "module": "gui_application", "funcName": "on_engine_status", "lineNo": 96}
{"timestamp": "2025-10-20 21:32:21,891", "level": "INFO", "message": "[ENGINE STATUS] ok", "module": "gui_application", "funcName": "on_engine_status", "lineNo": 96}
{"timestamp": "2025-10-20 21:32:22,641", "level": "INFO", "message": "[ENGINE STATUS] ok", "module": "gui_application", "funcName": "on_engine_status", "lineNo": 96}
{"timestamp": "2025-10-20 21:32:23,392", "level": "INFO", "message": "[ENGINE STATUS] ok", "module": "gui_application", "funcName": "on_engine_status", "lineNo": 96}
{"timestamp": "2025-10-20 21:32:24,143", "level": "INFO", "message": "[ENGINE STATUS] ok", "module": "gui_application", "funcName": "on_engine_status", "lineNo": 96}
{"timestamp": "2025-10-20 21:32:24,894", "level": "INFO", "message": "[ENGINE STATUS] ok", "module": "gui_application", "funcName": "on_engine_status", "lineNo": 96}
{"timestamp": "2025-10-20 21:32:25,645", "level": "INFO", "message": "[ENGINE STATUS] ok", "module": "gui_application", "funcName": "on_engine_status", "lineNo": 96}
{"timestamp": "2025-10-20 21:32:26,396", "level": "INFO", "message": "[ENGINE STATUS] ok", "module": "gui_application", "funcName": "on_engine_status", "lineNo": 96}
{"timestamp": "2025-10-20 21:32:27,147", "level": "INFO", "message": "[ENGINE STATUS] ok", "module": "gui_application", "funcName": "on_engine_status", "lineNo": 96}
{"timestamp": "2025-10-20 21:32:27,898", "level": "INFO", "message": "[ENGINE STATUS] ok", "module": "gui_application", "funcName": "on_engine_status", "lineNo": 96}
{"timestamp": "2025-10-20 21:32:28,648", "level": "INFO", "message": "[ENGINE STATUS] ok", "module": "gui_application", "funcName": "on_engine_status", "lineNo": 96}
{"timestamp": "2025-10-20 21:32:29,399", "level": "INFO", "message": "[ENGINE STATUS] ok", "module": "gui_application", "funcName": "on_engine_status", "lineNo": 96}
{"timestamp": "2025-10-20 21:32:30,150", "level": "INFO", "message": "[ENGINE STATUS] ok", "module": "gui_application", "funcName": "on_engine_status", "lineNo": 96}
{"timestamp": "2025-10-20 21:32:30,900", "level": "INFO", "message": "[ENGINE STATUS] ok", "module": "gui_application", "funcName": "on_engine_status", "lineNo": 96}
{"timestamp": "2025-10-20 21:32:31,651", "level": "INFO", "message": "[ENGINE STATUS] ok", "module": "gui_application", "funcName": "on_engine_status", "lineNo": 96}
{"timestamp": "2025-10-20 21:32:32,401", "level": "INFO", "message": "[ENGINE STATUS] ok", "module": "gui_application", "funcName": "on_engine_status", "lineNo": 96}
{"timestamp": "2025-10-20 21:32:33,151", "level": "INFO", "message": "[ENGINE STATUS] ok", "module": "gui_application", "funcName": "on_engine_status", "lineNo": 96}
{"timestamp": "2025-10-20 21:32:33,902", "level": "INFO", "message": "[ENGINE STATUS] ok", "module": "gui_application", "funcName": "on_engine_status", "lineNo": 96}
{"timestamp": "2025-10-20 21:32:34,653", "level": "INFO", "message": "[ENGINE STATUS] ok", "module": "gui_application", "funcName": "on_engine_status", "lineNo": 96}
{"timestamp": "2025-10-20 21:32:35,404", "level": "INFO", "message": "[ENGINE STATUS] ok", "module": "gui_application", "funcName": "on_engine_status", "lineNo": 96}
{"timestamp": "2025-10-20 21:32:36,155", "level": "INFO", "message": "[ENGINE STATUS] ok", "module": "gui_application", "funcName": "on_engine_status", "lineNo": 96}
{"timestamp": "2025-10-20 21:32:36,906", "level": "INFO", "message": "[ENGINE STATUS] ok", "module": "gui_application", "funcName": "on_engine_status", "lineNo": 96}
{"timestamp": "2025-10-20 21:32:37,657", "level": "INFO", "message": "[ENGINE STATUS] ok", "module": "gui_application", "funcName": "on_engine_status", "lineNo": 96}
{"timestamp": "2025-10-20 21:32:38,408", "level": "INFO", "message": "[ENGINE STATUS] ok", "module": "gui_application", "funcName": "on_engine_status", "lineNo": 96}
{"timestamp": "2025-10-20 21:32:39,159", "level": "INFO", "message": "[ENGINE STATUS] ok", "module": "gui_application", "funcName": "on_engine_status", "lineNo": 96}
{"timestamp": "2025-10-20 21:32:39,708", "level": "INFO", "message": "[ENGINE STATUS] engine_stopping", "module": "gui_application", "funcName": "on_engine_status", "lineNo": 96}
{"timestamp": "2025-10-20 21:32:39,709", "level": "INFO", "message": "[Trade] received stop signal", "module": "trade_executor", "funcName": "_emit", "lineNo": 230}
{"timestamp": "2025-10-20 21:32:39,710", "level": "INFO", "message": "Engine stopped", "module": "bot_engine", "funcName": "stop", "lineNo": 146}
{"timestamp": "2025-10-20 21:32:39,710", "level": "INFO", "message": "Waiting for bot thread to terminate...", "module": "gui_application", "funcName": "stop_bot", "lineNo": 252}
{"timestamp": "2025-10-20 21:32:39,910", "level": "INFO", "message": "[ENGINE STATUS] stopped", "module": "gui_application", "funcName": "on_engine_status", "lineNo": 96}
{"timestamp": "2025-10-20 21:32:49,876", "level": "INFO", "message": "[ENGINE STATUS] engine_stopped", "module": "gui_application", "funcName": "on_engine_status", "lineNo": 96}
{"timestamp": "2025-10-20 21:36:20,432", "level": "INFO", "message": "Logging initialized -> human log: D:\\Dev\\py\\crypto_arbitrage_bot\\logs\\bot.log | json log: D:\\Dev\\py\\crypto_arbitrage_bot\\logs\\bot_structured.log", "module": "logging_config", "funcName": "setup_logging", "lineNo": 98}
{"timestamp": "2025-10-20 21:36:22,562", "level": "INFO", "message": "Initialized Okx client.", "module": "exchange_manager", "funcName": "_initialize_clients", "lineNo": 31}
{"timestamp": "2025-10-20 21:36:25,448", "level": "INFO", "message": "Initialized Binance client.", "module": "exchange_manager", "funcName": "_initialize_clients", "lineNo": 31}
{"timestamp": "2025-10-20 21:36:31,147", "level": "INFO", "message": "Initialized Bybit client.", "module": "exchange_manager", "funcName": "_initialize_clients", "lineNo": 31}
{"timestamp": "2025-10-20 21:36:31,147", "level": "INFO", "message": "SyncArbitrageEngine initialized (poll=0.75s)", "module": "bot_engine", "funcName": "__init__", "lineNo": 90}
{"timestamp": "2025-10-20 21:36:44,159", "level": "INFO", "message": "--- Starting New Session ---", "module": "gui_application", "funcName": "start_bot", "lineNo": 207}
{"timestamp": "2025-10-20 21:36:44,159", "level": "INFO", "message": "Mode: LIVE TRADING", "module": "gui_application", "funcName": "start_bot", "lineNo": 208}
{"timestamp": "2025-10-20 21:36:44,160", "level": "INFO", "message": "Sizing Mode: FIXED @ $600.00", "module": "gui_application", "funcName": "start_bot", "lineNo": 211}
{"timestamp": "2025-10-20 21:36:44,160", "level": "INFO", "message": "Symbols: ETH/USDT", "module": "gui_application", "funcName": "start_bot", "lineNo": 217}
{"timestamp": "2025-10-20 21:36:44,203", "level": "INFO", "message": "[ENGINE STATUS] engine_started", "module": "gui_application", "funcName": "on_engine_status", "lineNo": 96}
{"timestamp": "2025-10-20 21:36:47,156", "level": "INFO", "message": "[ENGINE STATUS] warming_up", "module": "gui_application", "funcName": "on_engine_status", "lineNo": 96}
{"timestamp": "2025-10-20 21:36:47,161", "level": "INFO", "message": "[ENGINE STATUS] ok", "module": "gui_application", "funcName": "on_engine_status", "lineNo": 96}
{"timestamp": "2025-10-20 21:36:47,912", "level": "INFO", "message": "[ENGINE STATUS] ok", "module": "gui_application", "funcName": "on_engine_status", "lineNo": 96}
{"timestamp": "2025-10-20 21:36:48,662", "level": "INFO", "message": "[ENGINE STATUS] ok", "module": "gui_application", "funcName": "on_engine_status", "lineNo": 96}
{"timestamp": "2025-10-20 21:36:49,412", "level": "INFO", "message": "[ENGINE STATUS] ok", "module": "gui_application", "funcName": "on_engine_status", "lineNo": 96}
{"timestamp": "2025-10-20 21:36:53,150", "level": "INFO", "message": "  Fetching order book for ETH/USDT on OKX...", "module": "exchange_manager", "funcName": "get_market_data", "lineNo": 103}
{"timestamp": "2025-10-20 21:36:53,390", "level": "INFO", "message": "  ...Success for OKX.", "module": "exchange_manager", "funcName": "get_market_data", "lineNo": 106}
{"timestamp": "2025-10-20 21:36:53,391", "level": "INFO", "message": "  Fetching order book for ETH/USDT on BINANCE...", "module": "exchange_manager", "funcName": "get_market_data", "lineNo": 103}
{"timestamp": "2025-10-20 21:36:53,650", "level": "INFO", "message": "  ...Success for BINANCE.", "module": "exchange_manager", "funcName": "get_market_data", "lineNo": 106}
{"timestamp": "2025-10-20 21:36:53,650", "level": "INFO", "message": "  Fetching order book for ETH/USDT on BYBIT...", "module": "exchange_manager", "funcName": "get_market_data", "lineNo": 103}
{"timestamp": "2025-10-20 21:36:53,846", "level": "INFO", "message": "  ...Success for BYBIT.", "module": "exchange_manager", "funcName": "get_market_data", "lineNo": 106}
{"timestamp": "2025-10-20 21:36:53,871", "level": "INFO", "message": "[ENGINE STATUS] ok", "module": "gui_application", "funcName": "on_engine_status", "lineNo": 96}
{"timestamp": "2025-10-20 21:37:04,688", "level": "INFO", "message": "  Fetching order book for ETH/USDT on OKX...", "module": "exchange_manager", "funcName": "get_market_data", "lineNo": 103}
{"timestamp": "2025-10-20 21:37:05,029", "level": "INFO", "message": "  ...Success for OKX.", "module": "exchange_manager", "funcName": "get_market_data", "lineNo": 106}
{"timestamp": "2025-10-20 21:37:05,029", "level": "INFO", "message": "  Fetching order book for ETH/USDT on BINANCE...", "module": "exchange_manager", "funcName": "get_market_data", "lineNo": 103}
{"timestamp": "2025-10-20 21:37:05,290", "level": "INFO", "message": "  ...Success for BINANCE.", "module": "exchange_manager", "funcName": "get_market_data", "lineNo": 106}
{"timestamp": "2025-10-20 21:37:05,290", "level": "INFO", "message": "  Fetching order book for ETH/USDT on BYBIT...", "module": "exchange_manager", "funcName": "get_market_data", "lineNo": 103}
{"timestamp": "2025-10-20 21:37:05,481", "level": "INFO", "message": "  ...Success for BYBIT.", "module": "exchange_manager", "funcName": "get_market_data", "lineNo": 106}
{"timestamp": "2025-10-20 21:37:09,929", "level": "INFO", "message": "[ENGINE STATUS] ok", "module": "gui_application", "funcName": "on_engine_status", "lineNo": 96}
{"timestamp": "2025-10-20 21:37:10,680", "level": "INFO", "message": "[ENGINE STATUS] ok", "module": "gui_application", "funcName": "on_engine_status", "lineNo": 96}
{"timestamp": "2025-10-20 21:37:11,430", "level": "INFO", "message": "[ENGINE STATUS] ok", "module": "gui_application", "funcName": "on_engine_status", "lineNo": 96}
{"timestamp": "2025-10-20 21:37:15,703", "level": "INFO", "message": "  Fetching order book for ETH/USDT on OKX...", "module": "exchange_manager", "funcName": "get_market_data", "lineNo": 103}
{"timestamp": "2025-10-20 21:37:16,027", "level": "INFO", "message": "  ...Success for OKX.", "module": "exchange_manager", "funcName": "get_market_data", "lineNo": 106}
{"timestamp": "2025-10-20 21:37:16,027", "level": "INFO", "message": "  Fetching order book for ETH/USDT on BINANCE...", "module": "exchange_manager", "funcName": "get_market_data", "lineNo": 103}
{"timestamp": "2025-10-20 21:37:16,282", "level": "INFO", "message": "  ...Success for BINANCE.", "module": "exchange_manager", "funcName": "get_market_data", "lineNo": 106}
{"timestamp": "2025-10-20 21:37:16,282", "level": "INFO", "message": "  Fetching order book for ETH/USDT on BYBIT...", "module": "exchange_manager", "funcName": "get_market_data", "lineNo": 103}
{"timestamp": "2025-10-20 21:37:16,474", "level": "INFO", "message": "  ...Success for BYBIT.", "module": "exchange_manager", "funcName": "get_market_data", "lineNo": 106}
{"timestamp": "2025-10-20 21:37:21,016", "level": "INFO", "message": "[ENGINE STATUS] ok", "module": "gui_application", "funcName": "on_engine_status", "lineNo": 96}
{"timestamp": "2025-10-20 21:37:21,767", "level": "INFO", "message": "[ENGINE STATUS] ok", "module": "gui_application", "funcName": "on_engine_status", "lineNo": 96}
{"timestamp": "2025-10-20 21:37:22,517", "level": "INFO", "message": "[ENGINE STATUS] ok", "module": "gui_application", "funcName": "on_engine_status", "lineNo": 96}
{"timestamp": "2025-10-20 21:37:27,035", "level": "INFO", "message": "  Fetching order book for ETH/USDT on OKX...", "module": "exchange_manager", "funcName": "get_market_data", "lineNo": 103}
{"timestamp": "2025-10-20 21:37:27,387", "level": "INFO", "message": "  ...Success for OKX.", "module": "exchange_manager", "funcName": "get_market_data", "lineNo": 106}
{"timestamp": "2025-10-20 21:37:27,387", "level": "INFO", "message": "  Fetching order book for ETH/USDT on BINANCE...", "module": "exchange_manager", "funcName": "get_market_data", "lineNo": 103}
{"timestamp": "2025-10-20 21:37:27,645", "level": "INFO", "message": "  ...Success for BINANCE.", "module": "exchange_manager", "funcName": "get_market_data", "lineNo": 106}
{"timestamp": "2025-10-20 21:37:27,645", "level": "INFO", "message": "  Fetching order book for ETH/USDT on BYBIT...", "module": "exchange_manager", "funcName": "get_market_data", "lineNo": 103}
{"timestamp": "2025-10-20 21:37:27,838", "level": "INFO", "message": "  ...Success for BYBIT.", "module": "exchange_manager", "funcName": "get_market_data", "lineNo": 106}
{"timestamp": "2025-10-20 21:37:32,245", "level": "INFO", "message": "[ENGINE STATUS] engine_stopping", "module": "gui_application", "funcName": "on_engine_status", "lineNo": 96}
{"timestamp": "2025-10-20 21:37:32,246", "level": "INFO", "message": "[Trade] received stop signal", "module": "trade_executor", "funcName": "_emit", "lineNo": 230}
{"timestamp": "2025-10-20 21:37:32,246", "level": "INFO", "message": "Engine stopped", "module": "bot_engine", "funcName": "stop", "lineNo": 146}
{"timestamp": "2025-10-20 21:37:32,246", "level": "INFO", "message": "Waiting for bot thread to terminate...", "module": "gui_application", "funcName": "stop_bot", "lineNo": 254}
{"timestamp": "2025-10-20 21:37:42,282", "level": "INFO", "message": "Bot shutdown complete.", "module": "gui_application", "funcName": "stop_bot", "lineNo": 260}
{"timestamp": "2025-10-20 21:37:46,931", "level": "INFO", "message": "  Fetching order book for ETH/USDT on OKX...", "module": "exchange_manager", "funcName": "get_market_data", "lineNo": 103}
{"timestamp": "2025-10-20 21:37:47,174", "level": "INFO", "message": "  ...Success for OKX.", "module": "exchange_manager", "funcName": "get_market_data", "lineNo": 106}
{"timestamp": "2025-10-20 21:37:47,174", "level": "INFO", "message": "  Fetching order book for ETH/USDT on BINANCE...", "module": "exchange_manager", "funcName": "get_market_data", "lineNo": 103}
{"timestamp": "2025-10-20 21:37:47,431", "level": "INFO", "message": "  ...Success for BINANCE.", "module": "exchange_manager", "funcName": "get_market_data", "lineNo": 106}
{"timestamp": "2025-10-20 21:37:47,431", "level": "INFO", "message": "  Fetching order book for ETH/USDT on BYBIT...", "module": "exchange_manager", "funcName": "get_market_data", "lineNo": 103}
{"timestamp": "2025-10-20 21:37:47,951", "level": "INFO", "message": "  ...Success for BYBIT.", "module": "exchange_manager", "funcName": "get_market_data", "lineNo": 106}
{"timestamp": "2025-10-20 21:37:48,065", "level": "INFO", "message": "[ENGINE STATUS] stopped", "module": "gui_application", "funcName": "on_engine_status", "lineNo": 96}
{"timestamp": "2025-10-20 21:37:48,078", "level": "INFO", "message": "[ENGINE STATUS] engine_stopped", "module": "gui_application", "funcName": "on_engine_status", "lineNo": 96}
{"timestamp": "2025-10-20 21:43:10,524", "level": "INFO", "message": "Logging initialized -> human log: D:\\Dev\\py\\crypto_arbitrage_bot\\logs\\bot.log | json log: D:\\Dev\\py\\crypto_arbitrage_bot\\logs\\bot_structured.log", "module": "logging_config", "funcName": "setup_logging", "lineNo": 98}
{"timestamp": "2025-10-20 21:43:12,587", "level": "INFO", "message": "Initialized Okx client.", "module": "exchange_manager", "funcName": "_initialize_clients", "lineNo": 31}
{"timestamp": "2025-10-20 21:43:14,775", "level": "INFO", "message": "Initialized Binance client.", "module": "exchange_manager", "funcName": "_initialize_clients", "lineNo": 31}
{"timestamp": "2025-10-20 21:43:21,129", "level": "INFO", "message": "Initialized Bybit client.", "module": "exchange_manager", "funcName": "_initialize_clients", "lineNo": 31}
{"timestamp": "2025-10-20 21:43:21,129", "level": "INFO", "message": "SyncArbitrageEngine initialized (poll=0.75s)", "module": "bot_engine", "funcName": "__init__", "lineNo": 90}
{"timestamp": "2025-10-20 21:43:26,625", "level": "INFO", "message": "--- Starting New Session ---", "module": "gui_application", "funcName": "start_bot", "lineNo": 149}
{"timestamp": "2025-10-20 21:43:26,625", "level": "INFO", "message": "Mode: LIVE TRADING", "module": "gui_application", "funcName": "start_bot", "lineNo": 150}
{"timestamp": "2025-10-20 21:43:26,625", "level": "INFO", "message": "Sizing Mode: FIXED @ $600.00", "module": "gui_application", "funcName": "start_bot", "lineNo": 152}
{"timestamp": "2025-10-20 21:43:26,626", "level": "INFO", "message": "Symbols: BTC/USDT, ETH/USDT, SOL/USDT, XRP/USDT, ADA/USDT, AVAX/USDT, BNB/USDT, LINK/USDT, DOGE/USDT, SHIB/USDT", "module": "gui_application", "funcName": "start_bot", "lineNo": 157}
{"timestamp": "2025-10-20 21:43:28,978", "level": "INFO", "message": "[ENGINE STATUS] warming_up", "module": "gui_application", "funcName": "on_engine_status", "lineNo": 73}
{"timestamp": "2025-10-20 21:43:28,978", "level": "INFO", "message": "[ENGINE STATUS] engine_started", "module": "gui_application", "funcName": "on_engine_status", "lineNo": 73}
{"timestamp": "2025-10-20 21:43:36,769", "level": "WARNING", "message": "Received empty or invalid order book from bybit for SOL/USDT.", "module": "exchange_manager", "funcName": "get_market_data", "lineNo": 104}
{"timestamp": "2025-10-20 21:43:38,313", "level": "WARNING", "message": "Received empty or invalid order book from bybit for ADA/USDT.", "module": "exchange_manager", "funcName": "get_market_data", "lineNo": 104}
{"timestamp": "2025-10-20 21:43:39,472", "level": "WARNING", "message": "Received empty or invalid order book from bybit for AVAX/USDT.", "module": "exchange_manager", "funcName": "get_market_data", "lineNo": 104}
{"timestamp": "2025-10-20 21:43:42,938", "level": "WARNING", "message": "Received empty or invalid order book from binance for SHIB/USDT.", "module": "exchange_manager", "funcName": "get_market_data", "lineNo": 104}
{"timestamp": "2025-10-20 21:43:43,455", "level": "WARNING", "message": "Insufficient liquidity to meet trade size of $600.00.", "module": "exchange_manager", "funcName": "get_price_for_size", "lineNo": 95}
{"timestamp": "2025-10-20 21:43:51,263", "level": "WARNING", "message": "Received empty or invalid order book from bybit for SOL/USDT.", "module": "exchange_manager", "funcName": "get_market_data", "lineNo": 104}
{"timestamp": "2025-10-20 21:43:53,234", "level": "WARNING", "message": "Received empty or invalid order book from bybit for ADA/USDT.", "module": "exchange_manager", "funcName": "get_market_data", "lineNo": 104}
{"timestamp": "2025-10-20 21:43:53,962", "level": "WARNING", "message": "Received empty or invalid order book from bybit for AVAX/USDT.", "module": "exchange_manager", "funcName": "get_market_data", "lineNo": 104}
{"timestamp": "2025-10-20 21:43:57,571", "level": "WARNING", "message": "Received empty or invalid order book from binance for SHIB/USDT.", "module": "exchange_manager", "funcName": "get_market_data", "lineNo": 104}
{"timestamp": "2025-10-20 21:43:57,761", "level": "WARNING", "message": "Insufficient liquidity to meet trade size of $600.00.", "module": "exchange_manager", "funcName": "get_price_for_size", "lineNo": 95}
{"timestamp": "2025-10-20 21:43:57,771", "level": "INFO", "message": "[ENGINE STATUS] ok", "module": "gui_application", "funcName": "on_engine_status", "lineNo": 73}
{"timestamp": "2025-10-20 21:43:58,521", "level": "INFO", "message": "[ENGINE STATUS] ok", "module": "gui_application", "funcName": "on_engine_status", "lineNo": 73}
{"timestamp": "2025-10-20 21:44:06,653", "level": "WARNING", "message": "Received empty or invalid order book from bybit for SOL/USDT.", "module": "exchange_manager", "funcName": "get_market_data", "lineNo": 104}
{"timestamp": "2025-10-20 21:44:08,108", "level": "WARNING", "message": "Received empty or invalid order book from bybit for ADA/USDT.", "module": "exchange_manager", "funcName": "get_market_data", "lineNo": 104}
{"timestamp": "2025-10-20 21:44:08,827", "level": "WARNING", "message": "Received empty or invalid order book from bybit for AVAX/USDT.", "module": "exchange_manager", "funcName": "get_market_data", "lineNo": 104}
{"timestamp": "2025-10-20 21:44:11,622", "level": "WARNING", "message": "Received empty or invalid order book from binance for SHIB/USDT.", "module": "exchange_manager", "funcName": "get_market_data", "lineNo": 104}
{"timestamp": "2025-10-20 21:44:12,137", "level": "WARNING", "message": "Insufficient liquidity to meet trade size of $600.00.", "module": "exchange_manager", "funcName": "get_price_for_size", "lineNo": 95}
{"timestamp": "2025-10-20 21:44:12,152", "level": "INFO", "message": "[ENGINE STATUS] engine_stopping", "module": "gui_application", "funcName": "on_engine_status", "lineNo": 73}
{"timestamp": "2025-10-20 21:44:12,153", "level": "INFO", "message": "[Trade] received stop signal", "module": "trade_executor", "funcName": "_emit", "lineNo": 230}
{"timestamp": "2025-10-20 21:44:17,162", "level": "WARNING", "message": "Engine loop did not stop within 5.0s", "module": "bot_engine", "funcName": "stop", "lineNo": 145}
{"timestamp": "2025-10-20 21:44:17,163", "level": "INFO", "message": "Engine stopped", "module": "bot_engine", "funcName": "stop", "lineNo": 146}
{"timestamp": "2025-10-20 21:44:17,198", "level": "INFO", "message": "Bot shutdown complete.", "module": "gui_application", "funcName": "stop_bot", "lineNo": 189}
{"timestamp": "2025-10-20 21:44:24,169", "level": "WARNING", "message": "Received empty or invalid order book from bybit for SOL/USDT.", "module": "exchange_manager", "funcName": "get_market_data", "lineNo": 104}
{"timestamp": "2025-10-20 21:44:25,631", "level": "WARNING", "message": "Received empty or invalid order book from bybit for ADA/USDT.", "module": "exchange_manager", "funcName": "get_market_data", "lineNo": 104}
{"timestamp": "2025-10-20 21:44:26,412", "level": "WARNING", "message": "Received empty or invalid order book from bybit for AVAX/USDT.", "module": "exchange_manager", "funcName": "get_market_data", "lineNo": 104}
{"timestamp": "2025-10-20 21:44:29,773", "level": "WARNING", "message": "Received empty or invalid order book from binance for SHIB/USDT.", "module": "exchange_manager", "funcName": "get_market_data", "lineNo": 104}
{"timestamp": "2025-10-20 21:44:29,983", "level": "WARNING", "message": "Insufficient liquidity to meet trade size of $600.00.", "module": "exchange_manager", "funcName": "get_price_for_size", "lineNo": 95}
{"timestamp": "2025-10-20 21:44:30,006", "level": "INFO", "message": "[ENGINE STATUS] stopped", "module": "gui_application", "funcName": "on_engine_status", "lineNo": 73}
{"timestamp": "2025-10-20 21:44:38,894", "level": "WARNING", "message": "Received empty or invalid order book from bybit for SOL/USDT.", "module": "exchange_manager", "funcName": "get_market_data", "lineNo": 104}
{"timestamp": "2025-10-20 21:44:41,089", "level": "WARNING", "message": "Received empty or invalid order book from bybit for ADA/USDT.", "module": "exchange_manager", "funcName": "get_market_data", "lineNo": 104}
{"timestamp": "2025-10-20 21:44:41,858", "level": "WARNING", "message": "Received empty or invalid order book from bybit for AVAX/USDT.", "module": "exchange_manager", "funcName": "get_market_data", "lineNo": 104}
{"timestamp": "2025-10-20 21:44:44,522", "level": "WARNING", "message": "Received empty or invalid order book from binance for SHIB/USDT.", "module": "exchange_manager", "funcName": "get_market_data", "lineNo": 104}
{"timestamp": "2025-10-20 21:44:44,712", "level": "WARNING", "message": "Insufficient liquidity to meet trade size of $600.00.", "module": "exchange_manager", "funcName": "get_price_for_size", "lineNo": 95}
{"timestamp": "2025-10-20 21:44:53,016", "level": "WARNING", "message": "Received empty or invalid order book from bybit for SOL/USDT.", "module": "exchange_manager", "funcName": "get_market_data", "lineNo": 104}
{"timestamp": "2025-10-20 21:44:54,510", "level": "WARNING", "message": "Received empty or invalid order book from bybit for ADA/USDT.", "module": "exchange_manager", "funcName": "get_market_data", "lineNo": 104}
{"timestamp": "2025-10-20 21:44:55,263", "level": "WARNING", "message": "Received empty or invalid order book from bybit for AVAX/USDT.", "module": "exchange_manager", "funcName": "get_market_data", "lineNo": 104}
{"timestamp": "2025-10-20 21:44:58,870", "level": "WARNING", "message": "Received empty or invalid order book from binance for SHIB/USDT.", "module": "exchange_manager", "funcName": "get_market_data", "lineNo": 104}
{"timestamp": "2025-10-20 21:44:59,388", "level": "WARNING", "message": "Insufficient liquidity to meet trade size of $600.00.", "module": "exchange_manager", "funcName": "get_price_for_size", "lineNo": 95}
{"timestamp": "2025-10-20 21:45:06,473", "level": "WARNING", "message": "Received empty or invalid order book from bybit for SOL/USDT.", "module": "exchange_manager", "funcName": "get_market_data", "lineNo": 104}
{"timestamp": "2025-10-20 21:45:08,380", "level": "WARNING", "message": "Received empty or invalid order book from bybit for ADA/USDT.", "module": "exchange_manager", "funcName": "get_market_data", "lineNo": 104}
{"timestamp": "2025-10-20 21:45:09,122", "level": "WARNING", "message": "Received empty or invalid order book from bybit for AVAX/USDT.", "module": "exchange_manager", "funcName": "get_market_data", "lineNo": 104}
{"timestamp": "2025-10-20 21:45:12,366", "level": "WARNING", "message": "Received empty or invalid order book from binance for SHIB/USDT.", "module": "exchange_manager", "funcName": "get_market_data", "lineNo": 104}
{"timestamp": "2025-10-20 21:45:12,557", "level": "WARNING", "message": "Insufficient liquidity to meet trade size of $600.00.", "module": "exchange_manager", "funcName": "get_price_for_size", "lineNo": 95}
{"timestamp": "2025-10-20 21:45:26,092", "level": "INFO", "message": "Logging initialized -> human log: D:\\Dev\\py\\crypto_arbitrage_bot\\logs\\bot.log | json log: D:\\Dev\\py\\crypto_arbitrage_bot\\logs\\bot_structured.log", "module": "logging_config", "funcName": "setup_logging", "lineNo": 98}
{"timestamp": "2025-10-20 21:45:28,205", "level": "INFO", "message": "Initialized Okx client.", "module": "exchange_manager", "funcName": "_initialize_clients", "lineNo": 31}
{"timestamp": "2025-10-20 21:45:30,905", "level": "INFO", "message": "Initialized Binance client.", "module": "exchange_manager", "funcName": "_initialize_clients", "lineNo": 31}
{"timestamp": "2025-10-20 21:45:35,835", "level": "INFO", "message": "Initialized Bybit client.", "module": "exchange_manager", "funcName": "_initialize_clients", "lineNo": 31}
{"timestamp": "2025-10-20 21:45:35,836", "level": "INFO", "message": "SyncArbitrageEngine initialized (poll=0.75s)", "module": "bot_engine", "funcName": "__init__", "lineNo": 90}
{"timestamp": "2025-10-20 21:46:02,443", "level": "INFO", "message": "--- Starting New Session ---", "module": "gui_application", "funcName": "start_bot", "lineNo": 149}
{"timestamp": "2025-10-20 21:46:02,443", "level": "INFO", "message": "Mode: LIVE TRADING", "module": "gui_application", "funcName": "start_bot", "lineNo": 150}
{"timestamp": "2025-10-20 21:46:02,444", "level": "INFO", "message": "Sizing Mode: FIXED @ $600.00", "module": "gui_application", "funcName": "start_bot", "lineNo": 152}
{"timestamp": "2025-10-20 21:46:02,444", "level": "INFO", "message": "Symbols: ETH/USDT", "module": "gui_application", "funcName": "start_bot", "lineNo": 157}
{"timestamp": "2025-10-20 21:46:05,464", "level": "INFO", "message": "[ENGINE STATUS] warming_up", "module": "gui_application", "funcName": "on_engine_status", "lineNo": 73}
{"timestamp": "2025-10-20 21:46:05,464", "level": "INFO", "message": "[ENGINE STATUS] engine_started", "module": "gui_application", "funcName": "on_engine_status", "lineNo": 73}
{"timestamp": "2025-10-20 21:46:11,442", "level": "INFO", "message": "[ENGINE STATUS] ok", "module": "gui_application", "funcName": "on_engine_status", "lineNo": 73}
{"timestamp": "2025-10-20 21:46:17,368", "level": "INFO", "message": "[ENGINE STATUS] ok", "module": "gui_application", "funcName": "on_engine_status", "lineNo": 73}
{"timestamp": "2025-10-20 21:46:18,119", "level": "INFO", "message": "[ENGINE STATUS] ok", "module": "gui_application", "funcName": "on_engine_status", "lineNo": 73}
{"timestamp": "2025-10-20 21:46:22,871", "level": "INFO", "message": "[ENGINE STATUS] ok", "module": "gui_application", "funcName": "on_engine_status", "lineNo": 73}
{"timestamp": "2025-10-20 21:46:30,086", "level": "INFO", "message": "[ENGINE STATUS] ok", "module": "gui_application", "funcName": "on_engine_status", "lineNo": 73}
{"timestamp": "2025-10-20 21:46:30,836", "level": "INFO", "message": "[ENGINE STATUS] ok", "module": "gui_application", "funcName": "on_engine_status", "lineNo": 73}
{"timestamp": "2025-10-20 21:46:36,014", "level": "INFO", "message": "[ENGINE STATUS] ok", "module": "gui_application", "funcName": "on_engine_status", "lineNo": 73}
{"timestamp": "2025-10-20 21:46:36,765", "level": "INFO", "message": "[ENGINE STATUS] ok", "module": "gui_application", "funcName": "on_engine_status", "lineNo": 73}
{"timestamp": "2025-10-20 21:46:41,928", "level": "INFO", "message": "[ENGINE STATUS] ok", "module": "gui_application", "funcName": "on_engine_status", "lineNo": 73}
{"timestamp": "2025-10-20 21:46:42,680", "level": "INFO", "message": "[ENGINE STATUS] ok", "module": "gui_application", "funcName": "on_engine_status", "lineNo": 73}
{"timestamp": "2025-10-20 21:46:55,597", "level": "INFO", "message": "[ENGINE STATUS] ok", "module": "gui_application", "funcName": "on_engine_status", "lineNo": 73}
{"timestamp": "2025-10-20 21:47:01,780", "level": "INFO", "message": "[ENGINE STATUS] engine_stopping", "module": "gui_application", "funcName": "on_engine_status", "lineNo": 73}
{"timestamp": "2025-10-20 21:47:01,781", "level": "INFO", "message": "[Trade] received stop signal", "module": "trade_executor", "funcName": "_emit", "lineNo": 230}
{"timestamp": "2025-10-20 21:47:06,783", "level": "WARNING", "message": "Engine loop did not stop within 5.0s", "module": "bot_engine", "funcName": "stop", "lineNo": 145}
{"timestamp": "2025-10-20 21:47:06,783", "level": "INFO", "message": "Engine stopped", "module": "bot_engine", "funcName": "stop", "lineNo": 146}
{"timestamp": "2025-10-20 21:47:06,818", "level": "INFO", "message": "Bot shutdown complete.", "module": "gui_application", "funcName": "stop_bot", "lineNo": 189}
{"timestamp": "2025-10-20 21:47:11,649", "level": "INFO", "message": "[ENGINE STATUS] stopped", "module": "gui_application", "funcName": "on_engine_status", "lineNo": 73}
{"timestamp": "2025-10-20 23:03:07,782", "level": "INFO", "message": "Logging initialized -> human log: D:\\Dev\\py\\crypto_arbitrage_bot\\logs\\bot.log | json log: D:\\Dev\\py\\crypto_arbitrage_bot\\logs\\bot_structured.log", "module": "logging_config", "funcName": "setup_logging", "lineNo": 98}
{"timestamp": "2025-10-20 23:03:09,841", "level": "INFO", "message": "Initialized Okx client.", "module": "exchange_manager", "funcName": "_initialize_clients", "lineNo": 29}
{"timestamp": "2025-10-20 23:03:12,977", "level": "INFO", "message": "Initialized Binance client.", "module": "exchange_manager", "funcName": "_initialize_clients", "lineNo": 29}
{"timestamp": "2025-10-20 23:03:18,750", "level": "INFO", "message": "Initialized Bybit client.", "module": "exchange_manager", "funcName": "_initialize_clients", "lineNo": 29}
{"timestamp": "2025-10-20 23:03:18,751", "level": "INFO", "message": "SyncArbitrageEngine initialized (poll=0.75s)", "module": "bot_engine", "funcName": "__init__", "lineNo": 90}
{"timestamp": "2025-10-20 23:03:29,496", "level": "INFO", "message": "--- Starting New Session ---", "module": "gui_application", "funcName": "start_bot", "lineNo": 149}
{"timestamp": "2025-10-20 23:03:29,497", "level": "INFO", "message": "Mode: LIVE TRADING", "module": "gui_application", "funcName": "start_bot", "lineNo": 150}
{"timestamp": "2025-10-20 23:03:29,497", "level": "INFO", "message": "Sizing Mode: FIXED @ $600.00", "module": "gui_application", "funcName": "start_bot", "lineNo": 152}
{"timestamp": "2025-10-20 23:03:29,497", "level": "INFO", "message": "Symbols: ETH/USDT", "module": "gui_application", "funcName": "start_bot", "lineNo": 157}
{"timestamp": "2025-10-20 23:03:32,300", "level": "INFO", "message": "[ENGINE STATUS] warming_up", "module": "gui_application", "funcName": "on_engine_status", "lineNo": 73}
{"timestamp": "2025-10-20 23:03:32,300", "level": "INFO", "message": "[ENGINE STATUS] engine_started", "module": "gui_application", "funcName": "on_engine_status", "lineNo": 73}
{"timestamp": "2025-10-20 23:03:42,456", "level": "INFO", "message": "[ENGINE STATUS] ok", "module": "gui_application", "funcName": "on_engine_status", "lineNo": 73}
{"timestamp": "2025-10-20 23:03:43,207", "level": "INFO", "message": "[ENGINE STATUS] ok", "module": "gui_application", "funcName": "on_engine_status", "lineNo": 73}
{"timestamp": "2025-10-20 23:03:47,806", "level": "INFO", "message": "[ENGINE STATUS] ok", "module": "gui_application", "funcName": "on_engine_status", "lineNo": 73}
{"timestamp": "2025-10-20 23:03:48,556", "level": "INFO", "message": "[ENGINE STATUS] ok", "module": "gui_application", "funcName": "on_engine_status", "lineNo": 73}
{"timestamp": "2025-10-20 23:03:52,941", "level": "INFO", "message": "[ENGINE STATUS] ok", "module": "gui_application", "funcName": "on_engine_status", "lineNo": 73}
{"timestamp": "2025-10-20 23:03:53,691", "level": "INFO", "message": "[ENGINE STATUS] ok", "module": "gui_application", "funcName": "on_engine_status", "lineNo": 73}
{"timestamp": "2025-10-20 23:03:58,518", "level": "INFO", "message": "[ENGINE STATUS] ok", "module": "gui_application", "funcName": "on_engine_status", "lineNo": 73}
{"timestamp": "2025-10-20 23:03:59,268", "level": "INFO", "message": "[ENGINE STATUS] ok", "module": "gui_application", "funcName": "on_engine_status", "lineNo": 73}
{"timestamp": "2025-10-20 23:04:05,172", "level": "INFO", "message": "[ENGINE STATUS] ok", "module": "gui_application", "funcName": "on_engine_status", "lineNo": 73}
{"timestamp": "2025-10-20 23:04:05,923", "level": "INFO", "message": "[ENGINE STATUS] ok", "module": "gui_application", "funcName": "on_engine_status", "lineNo": 73}
{"timestamp": "2025-10-20 23:04:11,311", "level": "INFO", "message": "[ENGINE STATUS] ok", "module": "gui_application", "funcName": "on_engine_status", "lineNo": 73}
{"timestamp": "2025-10-20 23:04:12,061", "level": "INFO", "message": "[ENGINE STATUS] ok", "module": "gui_application", "funcName": "on_engine_status", "lineNo": 73}
{"timestamp": "2025-10-20 23:04:23,347", "level": "INFO", "message": "[ENGINE STATUS] ok", "module": "gui_application", "funcName": "on_engine_status", "lineNo": 73}
{"timestamp": "2025-10-20 23:04:24,098", "level": "INFO", "message": "[ENGINE STATUS] ok", "module": "gui_application", "funcName": "on_engine_status", "lineNo": 73}
{"timestamp": "2025-10-20 23:04:34,648", "level": "INFO", "message": "[ENGINE STATUS] ok", "module": "gui_application", "funcName": "on_engine_status", "lineNo": 73}
{"timestamp": "2025-10-20 23:04:35,398", "level": "INFO", "message": "[ENGINE STATUS] ok", "module": "gui_application", "funcName": "on_engine_status", "lineNo": 73}
{"timestamp": "2025-10-20 23:06:21,683", "level": "INFO", "message": "Logging initialized -> human log: D:\\Dev\\py\\crypto_arbitrage_bot\\logs\\bot.log | json log: D:\\Dev\\py\\crypto_arbitrage_bot\\logs\\bot_structured.log", "module": "logging_config", "funcName": "setup_logging", "lineNo": 98}
{"timestamp": "2025-10-20 23:06:23,831", "level": "INFO", "message": "Initialized Okx client.", "module": "exchange_manager", "funcName": "_initialize_clients", "lineNo": 29}
{"timestamp": "2025-10-20 23:06:26,944", "level": "INFO", "message": "Initialized Binance client.", "module": "exchange_manager", "funcName": "_initialize_clients", "lineNo": 29}
{"timestamp": "2025-10-20 23:06:32,797", "level": "INFO", "message": "Initialized Bybit client.", "module": "exchange_manager", "funcName": "_initialize_clients", "lineNo": 29}
{"timestamp": "2025-10-20 23:06:32,798", "level": "INFO", "message": "SyncArbitrageEngine initialized (poll=0.75s)", "module": "bot_engine", "funcName": "__init__", "lineNo": 90}
{"timestamp": "2025-10-20 23:06:46,492", "level": "INFO", "message": "--- Starting New Session ---", "module": "gui_application", "funcName": "start_bot", "lineNo": 149}
{"timestamp": "2025-10-20 23:06:46,493", "level": "INFO", "message": "Mode: LIVE TRADING", "module": "gui_application", "funcName": "start_bot", "lineNo": 150}
{"timestamp": "2025-10-20 23:06:46,493", "level": "INFO", "message": "Sizing Mode: FIXED @ $600.00", "module": "gui_application", "funcName": "start_bot", "lineNo": 152}
{"timestamp": "2025-10-20 23:06:46,493", "level": "INFO", "message": "Symbols: ETH/USDT", "module": "gui_application", "funcName": "start_bot", "lineNo": 157}
{"timestamp": "2025-10-20 23:06:49,435", "level": "INFO", "message": "[ENGINE STATUS] engine_started", "module": "gui_application", "funcName": "on_engine_status", "lineNo": 73}
{"timestamp": "2025-10-20 23:09:08,192", "level": "INFO", "message": "Logging initialized -> human log: D:\\Dev\\py\\crypto_arbitrage_bot\\logs\\bot.log | json log: D:\\Dev\\py\\crypto_arbitrage_bot\\logs\\bot_structured.log", "module": "logging_config", "funcName": "setup_logging", "lineNo": 98}
{"timestamp": "2025-10-20 23:09:10,286", "level": "INFO", "message": "Initialized Okx client.", "module": "exchange_manager", "funcName": "_initialize_clients", "lineNo": 29}
{"timestamp": "2025-10-20 23:09:13,186", "level": "INFO", "message": "Initialized Binance client.", "module": "exchange_manager", "funcName": "_initialize_clients", "lineNo": 29}
{"timestamp": "2025-10-20 23:09:19,424", "level": "INFO", "message": "Initialized Bybit client.", "module": "exchange_manager", "funcName": "_initialize_clients", "lineNo": 29}
{"timestamp": "2025-10-20 23:09:19,425", "level": "INFO", "message": "SyncArbitrageEngine initialized (poll=0.75s)", "module": "bot_engine", "funcName": "__init__", "lineNo": 79}
{"timestamp": "2025-10-20 23:09:29,207", "level": "INFO", "message": "--- Starting New Session ---", "module": "gui_application", "funcName": "start_bot", "lineNo": 149}
{"timestamp": "2025-10-20 23:09:29,208", "level": "INFO", "message": "Mode: LIVE TRADING", "module": "gui_application", "funcName": "start_bot", "lineNo": 150}
{"timestamp": "2025-10-20 23:09:29,208", "level": "INFO", "message": "Sizing Mode: FIXED @ $600.00", "module": "gui_application", "funcName": "start_bot", "lineNo": 152}
{"timestamp": "2025-10-20 23:09:29,208", "level": "INFO", "message": "Symbols: ETH/USDT", "module": "gui_application", "funcName": "start_bot", "lineNo": 157}
{"timestamp": "2025-10-20 23:09:31,943", "level": "INFO", "message": "[ENGINE STATUS] warming_up", "module": "gui_application", "funcName": "on_engine_status", "lineNo": 73}
{"timestamp": "2025-10-20 23:09:31,944", "level": "INFO", "message": "[ENGINE STATUS] engine_started", "module": "gui_application", "funcName": "on_engine_status", "lineNo": 73}
{"timestamp": "2025-10-20 23:09:38,916", "level": "INFO", "message": "[ENGINE STATUS] ok", "module": "gui_application", "funcName": "on_engine_status", "lineNo": 73}
{"timestamp": "2025-10-20 23:09:54,239", "level": "INFO", "message": "[ENGINE STATUS] ok", "module": "gui_application", "funcName": "on_engine_status", "lineNo": 73}
{"timestamp": "2025-10-20 23:10:17,089", "level": "INFO", "message": "[ENGINE STATUS] ok", "module": "gui_application", "funcName": "on_engine_status", "lineNo": 73}
{"timestamp": "2025-10-20 23:10:26,075", "level": "INFO", "message": "[ENGINE STATUS] ok", "module": "gui_application", "funcName": "on_engine_status", "lineNo": 73}
{"timestamp": "2025-10-20 23:10:32,160", "level": "INFO", "message": "Logging initialized -> human log: D:\\Dev\\py\\crypto_arbitrage_bot\\logs\\bot.log | json log: D:\\Dev\\py\\crypto_arbitrage_bot\\logs\\bot_structured.log", "module": "logging_config", "funcName": "setup_logging", "lineNo": 98}
{"timestamp": "2025-10-20 23:10:34,379", "level": "INFO", "message": "Initialized Okx client.", "module": "exchange_manager", "funcName": "_init_clients", "lineNo": 52}
{"timestamp": "2025-10-20 23:10:38,364", "level": "INFO", "message": "Initialized Binance client.", "module": "exchange_manager", "funcName": "_init_clients", "lineNo": 52}
{"timestamp": "2025-10-20 23:10:41,273", "level": "INFO", "message": "Initialized Bybit client.", "module": "exchange_manager", "funcName": "_init_clients", "lineNo": 52}
{"timestamp": "2025-10-20 23:10:41,273", "level": "INFO", "message": "SyncArbitrageEngine initialized (poll=0.75s)", "module": "bot_engine", "funcName": "__init__", "lineNo": 79}
{"timestamp": "2025-10-20 23:10:41,874", "level": "CRITICAL", "message": "An unexpected fatal error occurred: 'ExchangeManager' object has no attribute 'get_all_clients'", "module": "main", "funcName": "<module>", "lineNo": 70, "exc_info": "Traceback (most recent call last):\n  File \"D:\\Dev\\py\\crypto_arbitrage_bot\\main.py\", line 63, in <module>\n    app = App(config, EXCHANGES)\n  File \"D:\\Dev\\py\\crypto_arbitrage_bot\\gui_components\\gui_application.py\", line 68, in __init__\n    self.create_widgets()\n    ~~~~~~~~~~~~~~~~~~~^^\n  File \"D:\\Dev\\py\\crypto_arbitrage_bot\\gui_components\\gui_application.py\", line 118, in create_widgets\n    self.live_ops_tab = LiveOpsTab(tab_view.tab(\"Live Operations\"), self.config, self.engine)\n                        ~~~~~~~~~~^^^^^^^^^^^^^^^^^^^^^^^^^^^^^^^^^^^^^^^^^^^^^^^^^^^^^^^^^^^\n  File \"D:\\Dev\\py\\crypto_arbitrage_bot\\gui_components\\live_ops_tab.py\", line 29, in __init__\n    self.build_market_scan_panel()\n    ~~~~~~~~~~~~~~~~~~~~~~~~~~~~^^\n  File \"D:\\Dev\\py\\crypto_arbitrage_bot\\gui_components\\live_ops_tab.py\", line 49, in build_market_scan_panel\n    clients = self.bot.exchange_manager.get_all_clients()\n              ^^^^^^^^^^^^^^^^^^^^^^^^^^^^^^^^^^^^^^^^^\nAttributeError: 'ExchangeManager' object has no attribute 'get_all_clients'"}
{"timestamp": "2025-10-20 23:12:01,755", "level": "INFO", "message": "Logging initialized -> human log: D:\\Dev\\py\\crypto_arbitrage_bot\\logs\\bot.log | json log: D:\\Dev\\py\\crypto_arbitrage_bot\\logs\\bot_structured.log", "module": "logging_config", "funcName": "setup_logging", "lineNo": 98}
{"timestamp": "2025-10-20 23:12:04,028", "level": "INFO", "message": "Initialized Okx client.", "module": "exchange_manager", "funcName": "_initialize_clients", "lineNo": 42}
{"timestamp": "2025-10-20 23:12:06,834", "level": "INFO", "message": "Initialized Binance client.", "module": "exchange_manager", "funcName": "_initialize_clients", "lineNo": 42}
{"timestamp": "2025-10-20 23:12:12,030", "level": "INFO", "message": "Initialized Bybit client.", "module": "exchange_manager", "funcName": "_initialize_clients", "lineNo": 42}
{"timestamp": "2025-10-20 23:12:12,030", "level": "INFO", "message": "SyncArbitrageEngine initialized (poll=0.75s)", "module": "bot_engine", "funcName": "__init__", "lineNo": 79}
{"timestamp": "2025-10-20 23:12:17,333", "level": "INFO", "message": "--- Starting New Session ---", "module": "gui_application", "funcName": "start_bot", "lineNo": 149}
{"timestamp": "2025-10-20 23:12:17,333", "level": "INFO", "message": "Mode: LIVE TRADING", "module": "gui_application", "funcName": "start_bot", "lineNo": 150}
{"timestamp": "2025-10-20 23:12:17,333", "level": "INFO", "message": "Sizing Mode: FIXED @ $600.00", "module": "gui_application", "funcName": "start_bot", "lineNo": 152}
{"timestamp": "2025-10-20 23:12:17,333", "level": "INFO", "message": "Symbols: ETH/USDT", "module": "gui_application", "funcName": "start_bot", "lineNo": 157}
{"timestamp": "2025-10-20 23:12:19,742", "level": "INFO", "message": "[ENGINE STATUS] warming_up", "module": "gui_application", "funcName": "on_engine_status", "lineNo": 73}
{"timestamp": "2025-10-20 23:12:19,742", "level": "INFO", "message": "[ENGINE STATUS] engine_started", "module": "gui_application", "funcName": "on_engine_status", "lineNo": 73}
{"timestamp": "2025-10-20 23:12:27,376", "level": "INFO", "message": "[ENGINE STATUS] ok", "module": "gui_application", "funcName": "on_engine_status", "lineNo": 73}
{"timestamp": "2025-10-20 23:12:32,140", "level": "INFO", "message": "[ENGINE STATUS] ok", "module": "gui_application", "funcName": "on_engine_status", "lineNo": 73}
{"timestamp": "2025-10-20 23:12:39,193", "level": "INFO", "message": "[ENGINE STATUS] ok", "module": "gui_application", "funcName": "on_engine_status", "lineNo": 73}
{"timestamp": "2025-10-20 23:12:45,580", "level": "INFO", "message": "[ENGINE STATUS] ok", "module": "gui_application", "funcName": "on_engine_status", "lineNo": 73}
{"timestamp": "2025-10-20 23:12:51,064", "level": "INFO", "message": "[ENGINE STATUS] ok", "module": "gui_application", "funcName": "on_engine_status", "lineNo": 73}
{"timestamp": "2025-10-20 23:12:55,055", "level": "INFO", "message": "[ENGINE STATUS] engine_stopping", "module": "gui_application", "funcName": "on_engine_status", "lineNo": 73}
{"timestamp": "2025-10-20 23:12:55,055", "level": "INFO", "message": "[Trade] received stop signal", "module": "trade_executor", "funcName": "_emit", "lineNo": 230}
{"timestamp": "2025-10-20 23:12:56,410", "level": "INFO", "message": "[ENGINE STATUS] ok", "module": "gui_application", "funcName": "on_engine_status", "lineNo": 73}
{"timestamp": "2025-10-20 23:13:00,057", "level": "INFO", "message": "Engine stopped", "module": "bot_engine", "funcName": "stop", "lineNo": 126}
{"timestamp": "2025-10-20 23:13:00,093", "level": "INFO", "message": "Bot shutdown complete.", "module": "gui_application", "funcName": "stop_bot", "lineNo": 189}
{"timestamp": "2025-10-20 23:13:05,730", "level": "INFO", "message": "[ENGINE STATUS] stopped", "module": "gui_application", "funcName": "on_engine_status", "lineNo": 73}
{"timestamp": "2025-10-20 23:14:21,827", "level": "INFO", "message": "Logging initialized -> human log: D:\\Dev\\py\\crypto_arbitrage_bot\\logs\\bot.log | json log: D:\\Dev\\py\\crypto_arbitrage_bot\\logs\\bot_structured.log", "module": "logging_config", "funcName": "setup_logging", "lineNo": 98}
{"timestamp": "2025-10-20 23:14:24,454", "level": "INFO", "message": "Initialized Okx client.", "module": "exchange_manager", "funcName": "_initialize_clients", "lineNo": 42}
{"timestamp": "2025-10-20 23:14:27,181", "level": "INFO", "message": "Initialized Binance client.", "module": "exchange_manager", "funcName": "_initialize_clients", "lineNo": 42}
{"timestamp": "2025-10-20 23:14:33,175", "level": "INFO", "message": "Initialized Bybit client.", "module": "exchange_manager", "funcName": "_initialize_clients", "lineNo": 42}
{"timestamp": "2025-10-20 23:14:33,175", "level": "INFO", "message": "SyncArbitrageEngine initialized (poll=0.75s)", "module": "bot_engine", "funcName": "__init__", "lineNo": 79}
{"timestamp": "2025-10-20 23:14:39,639", "level": "INFO", "message": "--- Starting New Session ---", "module": "gui_application", "funcName": "start_bot", "lineNo": 149}
{"timestamp": "2025-10-20 23:14:39,640", "level": "INFO", "message": "Mode: LIVE TRADING", "module": "gui_application", "funcName": "start_bot", "lineNo": 150}
{"timestamp": "2025-10-20 23:14:39,640", "level": "INFO", "message": "Sizing Mode: FIXED @ $600.00", "module": "gui_application", "funcName": "start_bot", "lineNo": 152}
{"timestamp": "2025-10-20 23:14:39,640", "level": "INFO", "message": "Symbols: ETH/USDT", "module": "gui_application", "funcName": "start_bot", "lineNo": 157}
{"timestamp": "2025-10-20 23:14:42,501", "level": "INFO", "message": "[ENGINE STATUS] warming_up", "module": "gui_application", "funcName": "on_engine_status", "lineNo": 73}
{"timestamp": "2025-10-20 23:14:42,502", "level": "INFO", "message": "[ENGINE STATUS] engine_started", "module": "gui_application", "funcName": "on_engine_status", "lineNo": 73}
{"timestamp": "2025-10-20 23:14:57,158", "level": "INFO", "message": "[ENGINE STATUS] ok", "module": "gui_application", "funcName": "on_engine_status", "lineNo": 73}
{"timestamp": "2025-10-20 23:15:17,813", "level": "INFO", "message": "[ENGINE STATUS] ok", "module": "gui_application", "funcName": "on_engine_status", "lineNo": 73}
